c:\users\mathijs\desktop\alfacollege\schooljaar2\periode_2\project2\project_documenten\engine_rik\rt2d\build\start.dir\debug\myentity.obj
c:\users\mathijs\desktop\alfacollege\schooljaar2\periode_2\project2\project_documenten\engine_rik\rt2d\build\start.dir\debug\myscene.obj
c:\users\mathijs\desktop\alfacollege\schooljaar2\periode_2\project2\project_documenten\engine_rik\rt2d\build\start.dir\debug\main.obj
c:\users\mathijs\desktop\alfacollege\schooljaar2\periode_2\project2\project_documenten\engine_rik\rt2d\build\start.dir\debug\vc140.pdb
c:\users\mathijs\desktop\alfacollege\schooljaar2\periode_2\project2\project_documenten\engine_rik\rt2d\build\start.dir\debug\player.obj
c:\users\mathijs\desktop\alfacollege\schooljaar2\periode_2\project2\project_documenten\engine_rik\rt2d\build\start.dir\debug\scenemanager.obj
c:\users\mathijs\desktop\alfacollege\schooljaar2\periode_2\project2\project_documenten\engine_rik\rt2d\build\start.dir\debug\scene_test.obj
c:\users\mathijs\desktop\alfacollege\schooljaar2\periode_2\project2\project_documenten\engine_rik\rt2d\build\debug\start.ilk
c:\users\mathijs\desktop\alfacollege\schooljaar2\periode_2\project2\project_documenten\engine_rik\rt2d\build\debug\start.exe
c:\users\mathijs\desktop\alfacollege\schooljaar2\periode_2\project2\project_documenten\engine_rik\rt2d\build\debug\start.pdb
c:\users\mathijs\desktop\alfacollege\schooljaar2\periode_2\project2\project_documenten\engine_rik\rt2d\build\start.dir\debug\start.vcxprojresolveassemblyreference.cache
c:\users\mathijs\desktop\alfacollege\schooljaar2\periode_2\project2\project_documenten\engine_rik\rt2d\build\start.dir\debug\start.tlog\cl.command.1.tlog
c:\users\mathijs\desktop\alfacollege\schooljaar2\periode_2\project2\project_documenten\engine_rik\rt2d\build\start.dir\debug\start.tlog\cl.read.1.tlog
c:\users\mathijs\desktop\alfacollege\schooljaar2\periode_2\project2\project_documenten\engine_rik\rt2d\build\start.dir\debug\start.tlog\cl.write.1.tlog
c:\users\mathijs\desktop\alfacollege\schooljaar2\periode_2\project2\project_documenten\engine_rik\rt2d\build\start.dir\debug\start.tlog\custombuild.command.1.tlog
c:\users\mathijs\desktop\alfacollege\schooljaar2\periode_2\project2\project_documenten\engine_rik\rt2d\build\start.dir\debug\start.tlog\custombuild.read.1.tlog
c:\users\mathijs\desktop\alfacollege\schooljaar2\periode_2\project2\project_documenten\engine_rik\rt2d\build\start.dir\debug\start.tlog\custombuild.write.1.tlog
c:\users\mathijs\desktop\alfacollege\schooljaar2\periode_2\project2\project_documenten\engine_rik\rt2d\build\start.dir\debug\start.tlog\link.command.1.tlog
c:\users\mathijs\desktop\alfacollege\schooljaar2\periode_2\project2\project_documenten\engine_rik\rt2d\build\start.dir\debug\start.tlog\link.read.1.tlog
c:\users\mathijs\desktop\alfacollege\schooljaar2\periode_2\project2\project_documenten\engine_rik\rt2d\build\start.dir\debug\start.tlog\link.write.1.tlog
