  Building Custom Rule C:/Users/Mathijs/Desktop/AlfaCollege/Schooljaar2/Periode_2/Project2/Project_documenten/Engine_Rik/rt2d/CMakeLists.txt
  CMake does not need to re-run because C:\Users\Mathijs\Desktop\AlfaCollege\Schooljaar2\Periode_2\Project2\Project_documenten\Engine_Rik\rt2d\build\CMakeFiles\generate.stamp is up-to-date.
  camera.cpp
  core.cpp
  entity.cpp
  input.cpp
C:\Users\Mathijs\Desktop\AlfaCollege\Schooljaar2\Periode_2\Project2\Project_documenten\Engine_Rik\rt2d\rt2d/color.h(151): warning C4244: '=': conversion from 'float' to 'unsigned char', possible loss of data (compiling source file C:\Users\Mathijs\Desktop\AlfaCollege\Schooljaar2\Periode_2\Project2\Project_documenten\Engine_Rik\rt2d\rt2d\camera.cpp)
C:\Users\Mathijs\Desktop\AlfaCollege\Schooljaar2\Periode_2\Project2\Project_documenten\Engine_Rik\rt2d\rt2d/color.h(152): warning C4244: '=': conversion from 'float' to 'unsigned char', possible loss of data (compiling source file C:\Users\Mathijs\Desktop\AlfaCollege\Schooljaar2\Periode_2\Project2\Project_documenten\Engine_Rik\rt2d\rt2d\camera.cpp)
C:\Users\Mathijs\Desktop\AlfaCollege\Schooljaar2\Periode_2\Project2\Project_documenten\Engine_Rik\rt2d\rt2d/color.h(153): warning C4244: '=': conversion from 'float' to 'unsigned char', possible loss of data (compiling source file C:\Users\Mathijs\Desktop\AlfaCollege\Schooljaar2\Periode_2\Project2\Project_documenten\Engine_Rik\rt2d\rt2d\camera.cpp)
C:\Users\Mathijs\Desktop\AlfaCollege\Schooljaar2\Periode_2\Project2\Project_documenten\Engine_Rik\rt2d\rt2d/color.h(171): warning C4244: '=': conversion from 'float' to 'unsigned char', possible loss of data (compiling source file C:\Users\Mathijs\Desktop\AlfaCollege\Schooljaar2\Periode_2\Project2\Project_documenten\Engine_Rik\rt2d\rt2d\camera.cpp)
C:\Users\Mathijs\Desktop\AlfaCollege\Schooljaar2\Periode_2\Project2\Project_documenten\Engine_Rik\rt2d\rt2d/color.h(172): warning C4244: '=': conversion from 'float' to 'unsigned char', possible loss of data (compiling source file C:\Users\Mathijs\Desktop\AlfaCollege\Schooljaar2\Periode_2\Project2\Project_documenten\Engine_Rik\rt2d\rt2d\camera.cpp)
C:\Users\Mathijs\Desktop\AlfaCollege\Schooljaar2\Periode_2\Project2\Project_documenten\Engine_Rik\rt2d\rt2d/color.h(173): warning C4244: '=': conversion from 'float' to 'unsigned char', possible loss of data (compiling source file C:\Users\Mathijs\Desktop\AlfaCollege\Schooljaar2\Periode_2\Project2\Project_documenten\Engine_Rik\rt2d\rt2d\camera.cpp)
C:\Users\Mathijs\Desktop\AlfaCollege\Schooljaar2\Periode_2\Project2\Project_documenten\Engine_Rik\rt2d\rt2d/color.h(151): warning C4244: '=': conversion from 'float' to 'unsigned char', possible loss of data (compiling source file C:\Users\Mathijs\Desktop\AlfaCollege\Schooljaar2\Periode_2\Project2\Project_documenten\Engine_Rik\rt2d\rt2d\core.cpp)
C:\Users\Mathijs\Desktop\AlfaCollege\Schooljaar2\Periode_2\Project2\Project_documenten\Engine_Rik\rt2d\rt2d/color.h(152): warning C4244: '=': conversion from 'float' to 'unsigned char', possible loss of data (compiling source file C:\Users\Mathijs\Desktop\AlfaCollege\Schooljaar2\Periode_2\Project2\Project_documenten\Engine_Rik\rt2d\rt2d\core.cpp)
C:\Users\Mathijs\Desktop\AlfaCollege\Schooljaar2\Periode_2\Project2\Project_documenten\Engine_Rik\rt2d\rt2d/color.h(153): warning C4244: '=': conversion from 'float' to 'unsigned char', possible loss of data (compiling source file C:\Users\Mathijs\Desktop\AlfaCollege\Schooljaar2\Periode_2\Project2\Project_documenten\Engine_Rik\rt2d\rt2d\core.cpp)
C:\Users\Mathijs\Desktop\AlfaCollege\Schooljaar2\Periode_2\Project2\Project_documenten\Engine_Rik\rt2d\rt2d/color.h(171): warning C4244: '=': conversion from 'float' to 'unsigned char', possible loss of data (compiling source file C:\Users\Mathijs\Desktop\AlfaCollege\Schooljaar2\Periode_2\Project2\Project_documenten\Engine_Rik\rt2d\rt2d\core.cpp)
C:\Users\Mathijs\Desktop\AlfaCollege\Schooljaar2\Periode_2\Project2\Project_documenten\Engine_Rik\rt2d\rt2d/color.h(172): warning C4244: '=': conversion from 'float' to 'unsigned char', possible loss of data (compiling source file C:\Users\Mathijs\Desktop\AlfaCollege\Schooljaar2\Periode_2\Project2\Project_documenten\Engine_Rik\rt2d\rt2d\core.cpp)
C:\Users\Mathijs\Desktop\AlfaCollege\Schooljaar2\Periode_2\Project2\Project_documenten\Engine_Rik\rt2d\rt2d/color.h(173): warning C4244: '=': conversion from 'float' to 'unsigned char', possible loss of data (compiling source file C:\Users\Mathijs\Desktop\AlfaCollege\Schooljaar2\Periode_2\Project2\Project_documenten\Engine_Rik\rt2d\rt2d\core.cpp)
C:\Users\Mathijs\Desktop\AlfaCollege\Schooljaar2\Periode_2\Project2\Project_documenten\Engine_Rik\rt2d\rt2d/color.h(151): warning C4244: '=': conversion from 'float' to 'unsigned char', possible loss of data (compiling source file C:\Users\Mathijs\Desktop\AlfaCollege\Schooljaar2\Periode_2\Project2\Project_documenten\Engine_Rik\rt2d\rt2d\entity.cpp)
C:\Users\Mathijs\Desktop\AlfaCollege\Schooljaar2\Periode_2\Project2\Project_documenten\Engine_Rik\rt2d\rt2d/color.h(152): warning C4244: '=': conversion from 'float' to 'unsigned char', possible loss of data (compiling source file C:\Users\Mathijs\Desktop\AlfaCollege\Schooljaar2\Periode_2\Project2\Project_documenten\Engine_Rik\rt2d\rt2d\entity.cpp)
C:\Users\Mathijs\Desktop\AlfaCollege\Schooljaar2\Periode_2\Project2\Project_documenten\Engine_Rik\rt2d\rt2d/color.h(153): warning C4244: '=': conversion from 'float' to 'unsigned char', possible loss of data (compiling source file C:\Users\Mathijs\Desktop\AlfaCollege\Schooljaar2\Periode_2\Project2\Project_documenten\Engine_Rik\rt2d\rt2d\entity.cpp)
C:\Users\Mathijs\Desktop\AlfaCollege\Schooljaar2\Periode_2\Project2\Project_documenten\Engine_Rik\rt2d\rt2d/color.h(171): warning C4244: '=': conversion from 'float' to 'unsigned char', possible loss of data (compiling source file C:\Users\Mathijs\Desktop\AlfaCollege\Schooljaar2\Periode_2\Project2\Project_documenten\Engine_Rik\rt2d\rt2d\entity.cpp)
C:\Users\Mathijs\Desktop\AlfaCollege\Schooljaar2\Periode_2\Project2\Project_documenten\Engine_Rik\rt2d\rt2d/color.h(172): warning C4244: '=': conversion from 'float' to 'unsigned char', possible loss of data (compiling source file C:\Users\Mathijs\Desktop\AlfaCollege\Schooljaar2\Periode_2\Project2\Project_documenten\Engine_Rik\rt2d\rt2d\entity.cpp)
C:\Users\Mathijs\Desktop\AlfaCollege\Schooljaar2\Periode_2\Project2\Project_documenten\Engine_Rik\rt2d\rt2d/color.h(173): warning C4244: '=': conversion from 'float' to 'unsigned char', possible loss of data (compiling source file C:\Users\Mathijs\Desktop\AlfaCollege\Schooljaar2\Periode_2\Project2\Project_documenten\Engine_Rik\rt2d\rt2d\entity.cpp)
C:\Users\Mathijs\Desktop\AlfaCollege\Schooljaar2\Periode_2\Project2\Project_documenten\Engine_Rik\rt2d\rt2d\entity.cpp(146): warning C4244: '=': conversion from 'int' to 'float', possible loss of data
C:\Users\Mathijs\Desktop\AlfaCollege\Schooljaar2\Periode_2\Project2\Project_documenten\Engine_Rik\rt2d\rt2d\entity.cpp(147): warning C4244: '=': conversion from 'int' to 'float', possible loss of data
  line.cpp
  mesh.cpp
  noise.cpp
  renderer.cpp
C:\Users\Mathijs\Desktop\AlfaCollege\Schooljaar2\Periode_2\Project2\Project_documenten\Engine_Rik\rt2d\rt2d/color.h(151): warning C4244: '=': conversion from 'float' to 'unsigned char', possible loss of data (compiling source file C:\Users\Mathijs\Desktop\AlfaCollege\Schooljaar2\Periode_2\Project2\Project_documenten\Engine_Rik\rt2d\rt2d\line.cpp)
C:\Users\Mathijs\Desktop\AlfaCollege\Schooljaar2\Periode_2\Project2\Project_documenten\Engine_Rik\rt2d\rt2d/color.h(152): warning C4244: '=': conversion from 'float' to 'unsigned char', possible loss of data (compiling source file C:\Users\Mathijs\Desktop\AlfaCollege\Schooljaar2\Periode_2\Project2\Project_documenten\Engine_Rik\rt2d\rt2d\line.cpp)
C:\Users\Mathijs\Desktop\AlfaCollege\Schooljaar2\Periode_2\Project2\Project_documenten\Engine_Rik\rt2d\rt2d/color.h(153): warning C4244: '=': conversion from 'float' to 'unsigned char', possible loss of data (compiling source file C:\Users\Mathijs\Desktop\AlfaCollege\Schooljaar2\Periode_2\Project2\Project_documenten\Engine_Rik\rt2d\rt2d\line.cpp)
C:\Users\Mathijs\Desktop\AlfaCollege\Schooljaar2\Periode_2\Project2\Project_documenten\Engine_Rik\rt2d\rt2d/color.h(171): warning C4244: '=': conversion from 'float' to 'unsigned char', possible loss of data (compiling source file C:\Users\Mathijs\Desktop\AlfaCollege\Schooljaar2\Periode_2\Project2\Project_documenten\Engine_Rik\rt2d\rt2d\line.cpp)
C:\Users\Mathijs\Desktop\AlfaCollege\Schooljaar2\Periode_2\Project2\Project_documenten\Engine_Rik\rt2d\rt2d/color.h(172): warning C4244: '=': conversion from 'float' to 'unsigned char', possible loss of data (compiling source file C:\Users\Mathijs\Desktop\AlfaCollege\Schooljaar2\Periode_2\Project2\Project_documenten\Engine_Rik\rt2d\rt2d\line.cpp)
C:\Users\Mathijs\Desktop\AlfaCollege\Schooljaar2\Periode_2\Project2\Project_documenten\Engine_Rik\rt2d\rt2d/color.h(173): warning C4244: '=': conversion from 'float' to 'unsigned char', possible loss of data (compiling source file C:\Users\Mathijs\Desktop\AlfaCollege\Schooljaar2\Periode_2\Project2\Project_documenten\Engine_Rik\rt2d\rt2d\line.cpp)
C:\Users\Mathijs\Desktop\AlfaCollege\Schooljaar2\Periode_2\Project2\Project_documenten\Engine_Rik\rt2d\rt2d\line.cpp(60): warning C4244: 'initializing': conversion from 'double' to 'float', possible loss of data
C:\Users\Mathijs\Desktop\AlfaCollege\Schooljaar2\Periode_2\Project2\Project_documenten\Engine_Rik\rt2d\rt2d\line.cpp(61): warning C4244: 'initializing': conversion from 'double' to 'float', possible loss of data
C:\Users\Mathijs\Desktop\AlfaCollege\Schooljaar2\Periode_2\Project2\Project_documenten\Engine_Rik\rt2d\rt2d\noise.cpp(32): warning C4244: 'initializing': conversion from 'int' to 'float', possible loss of data
C:\Users\Mathijs\Desktop\AlfaCollege\Schooljaar2\Periode_2\Project2\Project_documenten\Engine_Rik\rt2d\rt2d/color.h(151): warning C4244: '=': conversion from 'float' to 'unsigned char', possible loss of data (compiling source file C:\Users\Mathijs\Desktop\AlfaCollege\Schooljaar2\Periode_2\Project2\Project_documenten\Engine_Rik\rt2d\rt2d\mesh.cpp)
C:\Users\Mathijs\Desktop\AlfaCollege\Schooljaar2\Periode_2\Project2\Project_documenten\Engine_Rik\rt2d\rt2d/color.h(152): warning C4244: '=': conversion from 'float' to 'unsigned char', possible loss of data (compiling source file C:\Users\Mathijs\Desktop\AlfaCollege\Schooljaar2\Periode_2\Project2\Project_documenten\Engine_Rik\rt2d\rt2d\mesh.cpp)
C:\Users\Mathijs\Desktop\AlfaCollege\Schooljaar2\Periode_2\Project2\Project_documenten\Engine_Rik\rt2d\rt2d/color.h(153): warning C4244: '=': conversion from 'float' to 'unsigned char', possible loss of data (compiling source file C:\Users\Mathijs\Desktop\AlfaCollege\Schooljaar2\Periode_2\Project2\Project_documenten\Engine_Rik\rt2d\rt2d\mesh.cpp)
C:\Users\Mathijs\Desktop\AlfaCollege\Schooljaar2\Periode_2\Project2\Project_documenten\Engine_Rik\rt2d\rt2d/color.h(171): warning C4244: '=': conversion from 'float' to 'unsigned char', possible loss of data (compiling source file C:\Users\Mathijs\Desktop\AlfaCollege\Schooljaar2\Periode_2\Project2\Project_documenten\Engine_Rik\rt2d\rt2d\mesh.cpp)
C:\Users\Mathijs\Desktop\AlfaCollege\Schooljaar2\Periode_2\Project2\Project_documenten\Engine_Rik\rt2d\rt2d/color.h(172): warning C4244: '=': conversion from 'float' to 'unsigned char', possible loss of data (compiling source file C:\Users\Mathijs\Desktop\AlfaCollege\Schooljaar2\Periode_2\Project2\Project_documenten\Engine_Rik\rt2d\rt2d\mesh.cpp)
C:\Users\Mathijs\Desktop\AlfaCollege\Schooljaar2\Periode_2\Project2\Project_documenten\Engine_Rik\rt2d\rt2d/color.h(173): warning C4244: '=': conversion from 'float' to 'unsigned char', possible loss of data (compiling source file C:\Users\Mathijs\Desktop\AlfaCollege\Schooljaar2\Periode_2\Project2\Project_documenten\Engine_Rik\rt2d\rt2d\mesh.cpp)
C:\Users\Mathijs\Desktop\AlfaCollege\Schooljaar2\Periode_2\Project2\Project_documenten\Engine_Rik\rt2d\rt2d/color.h(151): warning C4244: '=': conversion from 'float' to 'unsigned char', possible loss of data (compiling source file C:\Users\Mathijs\Desktop\AlfaCollege\Schooljaar2\Periode_2\Project2\Project_documenten\Engine_Rik\rt2d\rt2d\renderer.cpp)
C:\Users\Mathijs\Desktop\AlfaCollege\Schooljaar2\Periode_2\Project2\Project_documenten\Engine_Rik\rt2d\rt2d/color.h(152): warning C4244: '=': conversion from 'float' to 'unsigned char', possible loss of data (compiling source file C:\Users\Mathijs\Desktop\AlfaCollege\Schooljaar2\Periode_2\Project2\Project_documenten\Engine_Rik\rt2d\rt2d\renderer.cpp)
C:\Users\Mathijs\Desktop\AlfaCollege\Schooljaar2\Periode_2\Project2\Project_documenten\Engine_Rik\rt2d\rt2d/color.h(153): warning C4244: '=': conversion from 'float' to 'unsigned char', possible loss of data (compiling source file C:\Users\Mathijs\Desktop\AlfaCollege\Schooljaar2\Periode_2\Project2\Project_documenten\Engine_Rik\rt2d\rt2d\renderer.cpp)
C:\Users\Mathijs\Desktop\AlfaCollege\Schooljaar2\Periode_2\Project2\Project_documenten\Engine_Rik\rt2d\rt2d/color.h(171): warning C4244: '=': conversion from 'float' to 'unsigned char', possible loss of data (compiling source file C:\Users\Mathijs\Desktop\AlfaCollege\Schooljaar2\Periode_2\Project2\Project_documenten\Engine_Rik\rt2d\rt2d\renderer.cpp)
C:\Users\Mathijs\Desktop\AlfaCollege\Schooljaar2\Periode_2\Project2\Project_documenten\Engine_Rik\rt2d\rt2d/color.h(172): warning C4244: '=': conversion from 'float' to 'unsigned char', possible loss of data (compiling source file C:\Users\Mathijs\Desktop\AlfaCollege\Schooljaar2\Periode_2\Project2\Project_documenten\Engine_Rik\rt2d\rt2d\renderer.cpp)
C:\Users\Mathijs\Desktop\AlfaCollege\Schooljaar2\Periode_2\Project2\Project_documenten\Engine_Rik\rt2d\rt2d/color.h(173): warning C4244: '=': conversion from 'float' to 'unsigned char', possible loss of data (compiling source file C:\Users\Mathijs\Desktop\AlfaCollege\Schooljaar2\Periode_2\Project2\Project_documenten\Engine_Rik\rt2d\rt2d\renderer.cpp)
C:\Users\Mathijs\Desktop\AlfaCollege\Schooljaar2\Periode_2\Project2\Project_documenten\Engine_Rik\rt2d\rt2d\mesh.cpp(112): warning C4244: '=': conversion from 'double' to 'float', possible loss of data
C:\Users\Mathijs\Desktop\AlfaCollege\Schooljaar2\Periode_2\Project2\Project_documenten\Engine_Rik\rt2d\rt2d\mesh.cpp(113): warning C4244: '=': conversion from 'double' to 'float', possible loss of data
C:\Users\Mathijs\Desktop\AlfaCollege\Schooljaar2\Periode_2\Project2\Project_documenten\Engine_Rik\rt2d\rt2d\mesh.cpp(123): warning C4244: '=': conversion from 'double' to 'float', possible loss of data
C:\Users\Mathijs\Desktop\AlfaCollege\Schooljaar2\Periode_2\Project2\Project_documenten\Engine_Rik\rt2d\rt2d\mesh.cpp(124): warning C4244: '=': conversion from 'double' to 'float', possible loss of data
C:\Users\Mathijs\Desktop\AlfaCollege\Schooljaar2\Periode_2\Project2\Project_documenten\Engine_Rik\rt2d\rt2d\mesh.cpp(157): warning C4244: '=': conversion from 'double' to 'float', possible loss of data
C:\Users\Mathijs\Desktop\AlfaCollege\Schooljaar2\Periode_2\Project2\Project_documenten\Engine_Rik\rt2d\rt2d\mesh.cpp(158): warning C4244: '=': conversion from 'double' to 'float', possible loss of data
C:\Users\Mathijs\Desktop\AlfaCollege\Schooljaar2\Periode_2\Project2\Project_documenten\Engine_Rik\rt2d\rt2d\mesh.cpp(168): warning C4244: '=': conversion from 'double' to 'float', possible loss of data
C:\Users\Mathijs\Desktop\AlfaCollege\Schooljaar2\Periode_2\Project2\Project_documenten\Engine_Rik\rt2d\rt2d\mesh.cpp(169): warning C4244: '=': conversion from 'double' to 'float', possible loss of data
  resourcemanager.cpp
  scene.cpp
C:\Users\Mathijs\Desktop\AlfaCollege\Schooljaar2\Periode_2\Project2\Project_documenten\Engine_Rik\rt2d\rt2d\renderer.cpp(208): warning C4244: 'argument': conversion from 'float' to 'int', possible loss of data
C:\Users\Mathijs\Desktop\AlfaCollege\Schooljaar2\Periode_2\Project2\Project_documenten\Engine_Rik\rt2d\rt2d\renderer.cpp(224): warning C4244: 'initializing': conversion from 'float' to 'int', possible loss of data
C:\Users\Mathijs\Desktop\AlfaCollege\Schooljaar2\Periode_2\Project2\Project_documenten\Engine_Rik\rt2d\rt2d\renderer.cpp(225): warning C4244: 'initializing': conversion from 'float' to 'int', possible loss of data
C:\Users\Mathijs\Desktop\AlfaCollege\Schooljaar2\Periode_2\Project2\Project_documenten\Engine_Rik\rt2d\rt2d\renderer.cpp(226): warning C4244: 'initializing': conversion from 'float' to 'int', possible loss of data
C:\Users\Mathijs\Desktop\AlfaCollege\Schooljaar2\Periode_2\Project2\Project_documenten\Engine_Rik\rt2d\rt2d\renderer.cpp(227): warning C4244: 'initializing': conversion from 'float' to 'int', possible loss of data
C:\Users\Mathijs\Desktop\AlfaCollege\Schooljaar2\Periode_2\Project2\Project_documenten\Engine_Rik\rt2d\rt2d\renderer.cpp(292): warning C4244: 'argument': conversion from 'float' to 'int', possible loss of data
  shader.cpp
C:\Users\Mathijs\Desktop\AlfaCollege\Schooljaar2\Periode_2\Project2\Project_documenten\Engine_Rik\rt2d\rt2d/color.h(151): warning C4244: '=': conversion from 'float' to 'unsigned char', possible loss of data (compiling source file C:\Users\Mathijs\Desktop\AlfaCollege\Schooljaar2\Periode_2\Project2\Project_documenten\Engine_Rik\rt2d\rt2d\resourcemanager.cpp)
C:\Users\Mathijs\Desktop\AlfaCollege\Schooljaar2\Periode_2\Project2\Project_documenten\Engine_Rik\rt2d\rt2d/color.h(152): warning C4244: '=': conversion from 'float' to 'unsigned char', possible loss of data (compiling source file C:\Users\Mathijs\Desktop\AlfaCollege\Schooljaar2\Periode_2\Project2\Project_documenten\Engine_Rik\rt2d\rt2d\resourcemanager.cpp)
C:\Users\Mathijs\Desktop\AlfaCollege\Schooljaar2\Periode_2\Project2\Project_documenten\Engine_Rik\rt2d\rt2d/color.h(153): warning C4244: '=': conversion from 'float' to 'unsigned char', possible loss of data (compiling source file C:\Users\Mathijs\Desktop\AlfaCollege\Schooljaar2\Periode_2\Project2\Project_documenten\Engine_Rik\rt2d\rt2d\resourcemanager.cpp)
C:\Users\Mathijs\Desktop\AlfaCollege\Schooljaar2\Periode_2\Project2\Project_documenten\Engine_Rik\rt2d\rt2d/color.h(171): warning C4244: '=': conversion from 'float' to 'unsigned char', possible loss of data (compiling source file C:\Users\Mathijs\Desktop\AlfaCollege\Schooljaar2\Periode_2\Project2\Project_documenten\Engine_Rik\rt2d\rt2d\resourcemanager.cpp)
C:\Users\Mathijs\Desktop\AlfaCollege\Schooljaar2\Periode_2\Project2\Project_documenten\Engine_Rik\rt2d\rt2d/color.h(172): warning C4244: '=': conversion from 'float' to 'unsigned char', possible loss of data (compiling source file C:\Users\Mathijs\Desktop\AlfaCollege\Schooljaar2\Periode_2\Project2\Project_documenten\Engine_Rik\rt2d\rt2d\resourcemanager.cpp)
C:\Users\Mathijs\Desktop\AlfaCollege\Schooljaar2\Periode_2\Project2\Project_documenten\Engine_Rik\rt2d\rt2d/color.h(173): warning C4244: '=': conversion from 'float' to 'unsigned char', possible loss of data (compiling source file C:\Users\Mathijs\Desktop\AlfaCollege\Schooljaar2\Periode_2\Project2\Project_documenten\Engine_Rik\rt2d\rt2d\resourcemanager.cpp)
C:\Users\Mathijs\Desktop\AlfaCollege\Schooljaar2\Periode_2\Project2\Project_documenten\Engine_Rik\rt2d\rt2d/color.h(151): warning C4244: '=': conversion from 'float' to 'unsigned char', possible loss of data (compiling source file C:\Users\Mathijs\Desktop\AlfaCollege\Schooljaar2\Periode_2\Project2\Project_documenten\Engine_Rik\rt2d\rt2d\scene.cpp)
C:\Users\Mathijs\Desktop\AlfaCollege\Schooljaar2\Periode_2\Project2\Project_documenten\Engine_Rik\rt2d\rt2d/color.h(152): warning C4244: '=': conversion from 'float' to 'unsigned char', possible loss of data (compiling source file C:\Users\Mathijs\Desktop\AlfaCollege\Schooljaar2\Periode_2\Project2\Project_documenten\Engine_Rik\rt2d\rt2d\scene.cpp)
C:\Users\Mathijs\Desktop\AlfaCollege\Schooljaar2\Periode_2\Project2\Project_documenten\Engine_Rik\rt2d\rt2d/color.h(153): warning C4244: '=': conversion from 'float' to 'unsigned char', possible loss of data (compiling source file C:\Users\Mathijs\Desktop\AlfaCollege\Schooljaar2\Periode_2\Project2\Project_documenten\Engine_Rik\rt2d\rt2d\scene.cpp)
C:\Users\Mathijs\Desktop\AlfaCollege\Schooljaar2\Periode_2\Project2\Project_documenten\Engine_Rik\rt2d\rt2d/color.h(171): warning C4244: '=': conversion from 'float' to 'unsigned char', possible loss of data (compiling source file C:\Users\Mathijs\Desktop\AlfaCollege\Schooljaar2\Periode_2\Project2\Project_documenten\Engine_Rik\rt2d\rt2d\scene.cpp)
C:\Users\Mathijs\Desktop\AlfaCollege\Schooljaar2\Periode_2\Project2\Project_documenten\Engine_Rik\rt2d\rt2d/color.h(172): warning C4244: '=': conversion from 'float' to 'unsigned char', possible loss of data (compiling source file C:\Users\Mathijs\Desktop\AlfaCollege\Schooljaar2\Periode_2\Project2\Project_documenten\Engine_Rik\rt2d\rt2d\scene.cpp)
C:\Users\Mathijs\Desktop\AlfaCollege\Schooljaar2\Periode_2\Project2\Project_documenten\Engine_Rik\rt2d\rt2d/color.h(173): warning C4244: '=': conversion from 'float' to 'unsigned char', possible loss of data (compiling source file C:\Users\Mathijs\Desktop\AlfaCollege\Schooljaar2\Periode_2\Project2\Project_documenten\Engine_Rik\rt2d\rt2d\scene.cpp)
  sprite.cpp
C:\Users\Mathijs\Desktop\AlfaCollege\Schooljaar2\Periode_2\Project2\Project_documenten\Engine_Rik\rt2d\rt2d\scene.cpp(14): warning C4316: 'Camera': object allocated on the heap may not be aligned 16
C:\Users\Mathijs\Desktop\AlfaCollege\Schooljaar2\Periode_2\Project2\Project_documenten\Engine_Rik\rt2d\rt2d/color.h(151): warning C4244: '=': conversion from 'float' to 'unsigned char', possible loss of data (compiling source file C:\Users\Mathijs\Desktop\AlfaCollege\Schooljaar2\Periode_2\Project2\Project_documenten\Engine_Rik\rt2d\rt2d\sprite.cpp)
C:\Users\Mathijs\Desktop\AlfaCollege\Schooljaar2\Periode_2\Project2\Project_documenten\Engine_Rik\rt2d\rt2d/color.h(152): warning C4244: '=': conversion from 'float' to 'unsigned char', possible loss of data (compiling source file C:\Users\Mathijs\Desktop\AlfaCollege\Schooljaar2\Periode_2\Project2\Project_documenten\Engine_Rik\rt2d\rt2d\sprite.cpp)
C:\Users\Mathijs\Desktop\AlfaCollege\Schooljaar2\Periode_2\Project2\Project_documenten\Engine_Rik\rt2d\rt2d/color.h(153): warning C4244: '=': conversion from 'float' to 'unsigned char', possible loss of data (compiling source file C:\Users\Mathijs\Desktop\AlfaCollege\Schooljaar2\Periode_2\Project2\Project_documenten\Engine_Rik\rt2d\rt2d\sprite.cpp)
C:\Users\Mathijs\Desktop\AlfaCollege\Schooljaar2\Periode_2\Project2\Project_documenten\Engine_Rik\rt2d\rt2d/color.h(171): warning C4244: '=': conversion from 'float' to 'unsigned char', possible loss of data (compiling source file C:\Users\Mathijs\Desktop\AlfaCollege\Schooljaar2\Periode_2\Project2\Project_documenten\Engine_Rik\rt2d\rt2d\sprite.cpp)
C:\Users\Mathijs\Desktop\AlfaCollege\Schooljaar2\Periode_2\Project2\Project_documenten\Engine_Rik\rt2d\rt2d/color.h(172): warning C4244: '=': conversion from 'float' to 'unsigned char', possible loss of data (compiling source file C:\Users\Mathijs\Desktop\AlfaCollege\Schooljaar2\Periode_2\Project2\Project_documenten\Engine_Rik\rt2d\rt2d\sprite.cpp)
C:\Users\Mathijs\Desktop\AlfaCollege\Schooljaar2\Periode_2\Project2\Project_documenten\Engine_Rik\rt2d\rt2d/color.h(173): warning C4244: '=': conversion from 'float' to 'unsigned char', possible loss of data (compiling source file C:\Users\Mathijs\Desktop\AlfaCollege\Schooljaar2\Periode_2\Project2\Project_documenten\Engine_Rik\rt2d\rt2d\sprite.cpp)
  text.cpp
C:\Users\Mathijs\Desktop\AlfaCollege\Schooljaar2\Periode_2\Project2\Project_documenten\Engine_Rik\rt2d\rt2d\sprite.cpp(73): warning C4244: '=': conversion from 'int' to 'float', possible loss of data
C:\Users\Mathijs\Desktop\AlfaCollege\Schooljaar2\Periode_2\Project2\Project_documenten\Engine_Rik\rt2d\rt2d\sprite.cpp(74): warning C4244: '=': conversion from 'int' to 'float', possible loss of data
C:\Users\Mathijs\Desktop\AlfaCollege\Schooljaar2\Periode_2\Project2\Project_documenten\Engine_Rik\rt2d\rt2d\sprite.cpp(104): warning C4244: '=': conversion from 'int' to 'float', possible loss of data
C:\Users\Mathijs\Desktop\AlfaCollege\Schooljaar2\Periode_2\Project2\Project_documenten\Engine_Rik\rt2d\rt2d\sprite.cpp(105): warning C4244: '=': conversion from 'int' to 'float', possible loss of data
C:\Users\Mathijs\Desktop\AlfaCollege\Schooljaar2\Periode_2\Project2\Project_documenten\Engine_Rik\rt2d\rt2d\sprite.cpp(129): warning C4244: 'initializing': conversion from 'float' to 'int', possible loss of data
C:\Users\Mathijs\Desktop\AlfaCollege\Schooljaar2\Periode_2\Project2\Project_documenten\Engine_Rik\rt2d\rt2d\sprite.cpp(130): warning C4244: 'initializing': conversion from 'float' to 'int', possible loss of data
  texture.cpp
  timer.cpp
C:\Users\Mathijs\Desktop\AlfaCollege\Schooljaar2\Periode_2\Project2\Project_documenten\Engine_Rik\rt2d\rt2d/color.h(151): warning C4244: '=': conversion from 'float' to 'unsigned char', possible loss of data (compiling source file C:\Users\Mathijs\Desktop\AlfaCollege\Schooljaar2\Periode_2\Project2\Project_documenten\Engine_Rik\rt2d\rt2d\text.cpp)
C:\Users\Mathijs\Desktop\AlfaCollege\Schooljaar2\Periode_2\Project2\Project_documenten\Engine_Rik\rt2d\rt2d/color.h(152): warning C4244: '=': conversion from 'float' to 'unsigned char', possible loss of data (compiling source file C:\Users\Mathijs\Desktop\AlfaCollege\Schooljaar2\Periode_2\Project2\Project_documenten\Engine_Rik\rt2d\rt2d\text.cpp)
C:\Users\Mathijs\Desktop\AlfaCollege\Schooljaar2\Periode_2\Project2\Project_documenten\Engine_Rik\rt2d\rt2d/color.h(153): warning C4244: '=': conversion from 'float' to 'unsigned char', possible loss of data (compiling source file C:\Users\Mathijs\Desktop\AlfaCollege\Schooljaar2\Periode_2\Project2\Project_documenten\Engine_Rik\rt2d\rt2d\text.cpp)
C:\Users\Mathijs\Desktop\AlfaCollege\Schooljaar2\Periode_2\Project2\Project_documenten\Engine_Rik\rt2d\rt2d/color.h(171): warning C4244: '=': conversion from 'float' to 'unsigned char', possible loss of data (compiling source file C:\Users\Mathijs\Desktop\AlfaCollege\Schooljaar2\Periode_2\Project2\Project_documenten\Engine_Rik\rt2d\rt2d\text.cpp)
C:\Users\Mathijs\Desktop\AlfaCollege\Schooljaar2\Periode_2\Project2\Project_documenten\Engine_Rik\rt2d\rt2d/color.h(172): warning C4244: '=': conversion from 'float' to 'unsigned char', possible loss of data (compiling source file C:\Users\Mathijs\Desktop\AlfaCollege\Schooljaar2\Periode_2\Project2\Project_documenten\Engine_Rik\rt2d\rt2d\text.cpp)
C:\Users\Mathijs\Desktop\AlfaCollege\Schooljaar2\Periode_2\Project2\Project_documenten\Engine_Rik\rt2d\rt2d/color.h(173): warning C4244: '=': conversion from 'float' to 'unsigned char', possible loss of data (compiling source file C:\Users\Mathijs\Desktop\AlfaCollege\Schooljaar2\Periode_2\Project2\Project_documenten\Engine_Rik\rt2d\rt2d\text.cpp)
C:\Users\Mathijs\Desktop\AlfaCollege\Schooljaar2\Periode_2\Project2\Project_documenten\Engine_Rik\rt2d\rt2d\text.cpp(49): warning C4244: '=': conversion from 'unsigned int' to 'float', possible loss of data
  util.c
  rt2d.vcxproj -> C:\Users\Mathijs\Desktop\AlfaCollege\Schooljaar2\Periode_2\Project2\Project_documenten\Engine_Rik\rt2d\build\Debug\rt2d.lib
