c:\users\mathijs\desktop\alfacollege\schooljaar2\periode_2\project2\project_documenten\engine_rik\rt2d\build\rt2d.dir\debug\rt2d.pdb
c:\users\mathijs\desktop\alfacollege\schooljaar2\periode_2\project2\project_documenten\engine_rik\rt2d\build\rt2d.dir\debug\util.obj
c:\users\mathijs\desktop\alfacollege\schooljaar2\periode_2\project2\project_documenten\engine_rik\rt2d\build\rt2d.dir\debug\entity.obj
c:\users\mathijs\desktop\alfacollege\schooljaar2\periode_2\project2\project_documenten\engine_rik\rt2d\build\rt2d.dir\debug\noise.obj
c:\users\mathijs\desktop\alfacollege\schooljaar2\periode_2\project2\project_documenten\engine_rik\rt2d\build\rt2d.dir\debug\scene.obj
c:\users\mathijs\desktop\alfacollege\schooljaar2\periode_2\project2\project_documenten\engine_rik\rt2d\build\rt2d.dir\debug\text.obj
c:\users\mathijs\desktop\alfacollege\schooljaar2\periode_2\project2\project_documenten\engine_rik\rt2d\build\rt2d.dir\debug\input.obj
c:\users\mathijs\desktop\alfacollege\schooljaar2\periode_2\project2\project_documenten\engine_rik\rt2d\build\rt2d.dir\debug\line.obj
c:\users\mathijs\desktop\alfacollege\schooljaar2\periode_2\project2\project_documenten\engine_rik\rt2d\build\rt2d.dir\debug\resourcemanager.obj
c:\users\mathijs\desktop\alfacollege\schooljaar2\periode_2\project2\project_documenten\engine_rik\rt2d\build\rt2d.dir\debug\timer.obj
c:\users\mathijs\desktop\alfacollege\schooljaar2\periode_2\project2\project_documenten\engine_rik\rt2d\build\rt2d.dir\debug\camera.obj
c:\users\mathijs\desktop\alfacollege\schooljaar2\periode_2\project2\project_documenten\engine_rik\rt2d\build\rt2d.dir\debug\mesh.obj
c:\users\mathijs\desktop\alfacollege\schooljaar2\periode_2\project2\project_documenten\engine_rik\rt2d\build\rt2d.dir\debug\shader.obj
c:\users\mathijs\desktop\alfacollege\schooljaar2\periode_2\project2\project_documenten\engine_rik\rt2d\build\rt2d.dir\debug\texture.obj
c:\users\mathijs\desktop\alfacollege\schooljaar2\periode_2\project2\project_documenten\engine_rik\rt2d\build\rt2d.dir\debug\core.obj
c:\users\mathijs\desktop\alfacollege\schooljaar2\periode_2\project2\project_documenten\engine_rik\rt2d\build\rt2d.dir\debug\renderer.obj
c:\users\mathijs\desktop\alfacollege\schooljaar2\periode_2\project2\project_documenten\engine_rik\rt2d\build\rt2d.dir\debug\sprite.obj
c:\users\mathijs\desktop\alfacollege\schooljaar2\periode_2\project2\project_documenten\engine_rik\rt2d\build\cmakefiles\generate.stamp
c:\users\mathijs\desktop\alfacollege\schooljaar2\periode_2\project2\project_documenten\engine_rik\rt2d\build\debug\rt2d.lib
c:\users\mathijs\desktop\alfacollege\schooljaar2\periode_2\project2\project_documenten\engine_rik\rt2d\build\debug\rt2d.pdb
c:\users\mathijs\desktop\alfacollege\schooljaar2\periode_2\project2\project_documenten\engine_rik\rt2d\build\rt2d.dir\debug\rt2d.tlog\cl.command.1.tlog
c:\users\mathijs\desktop\alfacollege\schooljaar2\periode_2\project2\project_documenten\engine_rik\rt2d\build\rt2d.dir\debug\rt2d.tlog\cl.read.1.tlog
c:\users\mathijs\desktop\alfacollege\schooljaar2\periode_2\project2\project_documenten\engine_rik\rt2d\build\rt2d.dir\debug\rt2d.tlog\cl.write.1.tlog
c:\users\mathijs\desktop\alfacollege\schooljaar2\periode_2\project2\project_documenten\engine_rik\rt2d\build\rt2d.dir\debug\rt2d.tlog\custombuild.command.1.tlog
c:\users\mathijs\desktop\alfacollege\schooljaar2\periode_2\project2\project_documenten\engine_rik\rt2d\build\rt2d.dir\debug\rt2d.tlog\custombuild.read.1.tlog
c:\users\mathijs\desktop\alfacollege\schooljaar2\periode_2\project2\project_documenten\engine_rik\rt2d\build\rt2d.dir\debug\rt2d.tlog\custombuild.write.1.tlog
c:\users\mathijs\desktop\alfacollege\schooljaar2\periode_2\project2\project_documenten\engine_rik\rt2d\build\rt2d.dir\debug\rt2d.tlog\lib-link.read.1.tlog
c:\users\mathijs\desktop\alfacollege\schooljaar2\periode_2\project2\project_documenten\engine_rik\rt2d\build\rt2d.dir\debug\rt2d.tlog\lib-link.write.1.tlog
c:\users\mathijs\desktop\alfacollege\schooljaar2\periode_2\project2\project_documenten\engine_rik\rt2d\build\rt2d.dir\debug\rt2d.tlog\lib.command.1.tlog
