  Building Custom Rule C:/Users/Mathijs/Desktop/AlfaCollege/Schooljaar2/Periode_2/Project2/Project_documenten/Engine_Rik/rt2d/CMakeLists.txt
  CMake does not need to re-run because C:\Users\Mathijs\Desktop\AlfaCollege\Schooljaar2\Periode_2\Project2\Project_documenten\Engine_Rik\rt2d\build\CMakeFiles\generate.stamp is up-to-date.
  main.cpp
  basicentity.cpp
  boidentity.cpp
  scene00.cpp
C:\Users\Mathijs\Desktop\AlfaCollege\Schooljaar2\Periode_2\Project2\Project_documenten\Engine_Rik\rt2d\rt2d/color.h(151): warning C4244: '=': conversion from 'float' to 'unsigned char', possible loss of data (compiling source file C:\Users\Mathijs\Desktop\AlfaCollege\Schooljaar2\Periode_2\Project2\Project_documenten\Engine_Rik\rt2d\demo\main.cpp)
C:\Users\Mathijs\Desktop\AlfaCollege\Schooljaar2\Periode_2\Project2\Project_documenten\Engine_Rik\rt2d\rt2d/color.h(152): warning C4244: '=': conversion from 'float' to 'unsigned char', possible loss of data (compiling source file C:\Users\Mathijs\Desktop\AlfaCollege\Schooljaar2\Periode_2\Project2\Project_documenten\Engine_Rik\rt2d\demo\main.cpp)
C:\Users\Mathijs\Desktop\AlfaCollege\Schooljaar2\Periode_2\Project2\Project_documenten\Engine_Rik\rt2d\rt2d/color.h(153): warning C4244: '=': conversion from 'float' to 'unsigned char', possible loss of data (compiling source file C:\Users\Mathijs\Desktop\AlfaCollege\Schooljaar2\Periode_2\Project2\Project_documenten\Engine_Rik\rt2d\demo\main.cpp)
C:\Users\Mathijs\Desktop\AlfaCollege\Schooljaar2\Periode_2\Project2\Project_documenten\Engine_Rik\rt2d\rt2d/color.h(171): warning C4244: '=': conversion from 'float' to 'unsigned char', possible loss of data (compiling source file C:\Users\Mathijs\Desktop\AlfaCollege\Schooljaar2\Periode_2\Project2\Project_documenten\Engine_Rik\rt2d\demo\main.cpp)
C:\Users\Mathijs\Desktop\AlfaCollege\Schooljaar2\Periode_2\Project2\Project_documenten\Engine_Rik\rt2d\rt2d/color.h(172): warning C4244: '=': conversion from 'float' to 'unsigned char', possible loss of data (compiling source file C:\Users\Mathijs\Desktop\AlfaCollege\Schooljaar2\Periode_2\Project2\Project_documenten\Engine_Rik\rt2d\demo\main.cpp)
C:\Users\Mathijs\Desktop\AlfaCollege\Schooljaar2\Periode_2\Project2\Project_documenten\Engine_Rik\rt2d\rt2d/color.h(173): warning C4244: '=': conversion from 'float' to 'unsigned char', possible loss of data (compiling source file C:\Users\Mathijs\Desktop\AlfaCollege\Schooljaar2\Periode_2\Project2\Project_documenten\Engine_Rik\rt2d\demo\main.cpp)
C:\Users\Mathijs\Desktop\AlfaCollege\Schooljaar2\Periode_2\Project2\Project_documenten\Engine_Rik\rt2d\rt2d/color.h(151): warning C4244: '=': conversion from 'float' to 'unsigned char', possible loss of data (compiling source file C:\Users\Mathijs\Desktop\AlfaCollege\Schooljaar2\Periode_2\Project2\Project_documenten\Engine_Rik\rt2d\demo\basicentity.cpp)
C:\Users\Mathijs\Desktop\AlfaCollege\Schooljaar2\Periode_2\Project2\Project_documenten\Engine_Rik\rt2d\rt2d/color.h(152): warning C4244: '=': conversion from 'float' to 'unsigned char', possible loss of data (compiling source file C:\Users\Mathijs\Desktop\AlfaCollege\Schooljaar2\Periode_2\Project2\Project_documenten\Engine_Rik\rt2d\demo\basicentity.cpp)
C:\Users\Mathijs\Desktop\AlfaCollege\Schooljaar2\Periode_2\Project2\Project_documenten\Engine_Rik\rt2d\rt2d/color.h(153): warning C4244: '=': conversion from 'float' to 'unsigned char', possible loss of data (compiling source file C:\Users\Mathijs\Desktop\AlfaCollege\Schooljaar2\Periode_2\Project2\Project_documenten\Engine_Rik\rt2d\demo\basicentity.cpp)
C:\Users\Mathijs\Desktop\AlfaCollege\Schooljaar2\Periode_2\Project2\Project_documenten\Engine_Rik\rt2d\rt2d/color.h(171): warning C4244: '=': conversion from 'float' to 'unsigned char', possible loss of data (compiling source file C:\Users\Mathijs\Desktop\AlfaCollege\Schooljaar2\Periode_2\Project2\Project_documenten\Engine_Rik\rt2d\demo\basicentity.cpp)
C:\Users\Mathijs\Desktop\AlfaCollege\Schooljaar2\Periode_2\Project2\Project_documenten\Engine_Rik\rt2d\rt2d/color.h(172): warning C4244: '=': conversion from 'float' to 'unsigned char', possible loss of data (compiling source file C:\Users\Mathijs\Desktop\AlfaCollege\Schooljaar2\Periode_2\Project2\Project_documenten\Engine_Rik\rt2d\demo\basicentity.cpp)
C:\Users\Mathijs\Desktop\AlfaCollege\Schooljaar2\Periode_2\Project2\Project_documenten\Engine_Rik\rt2d\rt2d/color.h(173): warning C4244: '=': conversion from 'float' to 'unsigned char', possible loss of data (compiling source file C:\Users\Mathijs\Desktop\AlfaCollege\Schooljaar2\Periode_2\Project2\Project_documenten\Engine_Rik\rt2d\demo\basicentity.cpp)
C:\Users\Mathijs\Desktop\AlfaCollege\Schooljaar2\Periode_2\Project2\Project_documenten\Engine_Rik\rt2d\rt2d/color.h(151): warning C4244: '=': conversion from 'float' to 'unsigned char', possible loss of data (compiling source file C:\Users\Mathijs\Desktop\AlfaCollege\Schooljaar2\Periode_2\Project2\Project_documenten\Engine_Rik\rt2d\demo\scene00.cpp)
C:\Users\Mathijs\Desktop\AlfaCollege\Schooljaar2\Periode_2\Project2\Project_documenten\Engine_Rik\rt2d\rt2d/color.h(152): warning C4244: '=': conversion from 'float' to 'unsigned char', possible loss of data (compiling source file C:\Users\Mathijs\Desktop\AlfaCollege\Schooljaar2\Periode_2\Project2\Project_documenten\Engine_Rik\rt2d\demo\scene00.cpp)
C:\Users\Mathijs\Desktop\AlfaCollege\Schooljaar2\Periode_2\Project2\Project_documenten\Engine_Rik\rt2d\rt2d/color.h(153): warning C4244: '=': conversion from 'float' to 'unsigned char', possible loss of data (compiling source file C:\Users\Mathijs\Desktop\AlfaCollege\Schooljaar2\Periode_2\Project2\Project_documenten\Engine_Rik\rt2d\demo\scene00.cpp)
C:\Users\Mathijs\Desktop\AlfaCollege\Schooljaar2\Periode_2\Project2\Project_documenten\Engine_Rik\rt2d\rt2d/color.h(171): warning C4244: '=': conversion from 'float' to 'unsigned char', possible loss of data (compiling source file C:\Users\Mathijs\Desktop\AlfaCollege\Schooljaar2\Periode_2\Project2\Project_documenten\Engine_Rik\rt2d\demo\scene00.cpp)
C:\Users\Mathijs\Desktop\AlfaCollege\Schooljaar2\Periode_2\Project2\Project_documenten\Engine_Rik\rt2d\rt2d/color.h(172): warning C4244: '=': conversion from 'float' to 'unsigned char', possible loss of data (compiling source file C:\Users\Mathijs\Desktop\AlfaCollege\Schooljaar2\Periode_2\Project2\Project_documenten\Engine_Rik\rt2d\demo\scene00.cpp)
C:\Users\Mathijs\Desktop\AlfaCollege\Schooljaar2\Periode_2\Project2\Project_documenten\Engine_Rik\rt2d\rt2d/color.h(173): warning C4244: '=': conversion from 'float' to 'unsigned char', possible loss of data (compiling source file C:\Users\Mathijs\Desktop\AlfaCollege\Schooljaar2\Periode_2\Project2\Project_documenten\Engine_Rik\rt2d\demo\scene00.cpp)
C:\Users\Mathijs\Desktop\AlfaCollege\Schooljaar2\Periode_2\Project2\Project_documenten\Engine_Rik\rt2d\rt2d/color.h(151): warning C4244: '=': conversion from 'float' to 'unsigned char', possible loss of data (compiling source file C:\Users\Mathijs\Desktop\AlfaCollege\Schooljaar2\Periode_2\Project2\Project_documenten\Engine_Rik\rt2d\demo\boidentity.cpp)
C:\Users\Mathijs\Desktop\AlfaCollege\Schooljaar2\Periode_2\Project2\Project_documenten\Engine_Rik\rt2d\rt2d/color.h(152): warning C4244: '=': conversion from 'float' to 'unsigned char', possible loss of data (compiling source file C:\Users\Mathijs\Desktop\AlfaCollege\Schooljaar2\Periode_2\Project2\Project_documenten\Engine_Rik\rt2d\demo\boidentity.cpp)
C:\Users\Mathijs\Desktop\AlfaCollege\Schooljaar2\Periode_2\Project2\Project_documenten\Engine_Rik\rt2d\rt2d/color.h(153): warning C4244: '=': conversion from 'float' to 'unsigned char', possible loss of data (compiling source file C:\Users\Mathijs\Desktop\AlfaCollege\Schooljaar2\Periode_2\Project2\Project_documenten\Engine_Rik\rt2d\demo\boidentity.cpp)
C:\Users\Mathijs\Desktop\AlfaCollege\Schooljaar2\Periode_2\Project2\Project_documenten\Engine_Rik\rt2d\rt2d/color.h(171): warning C4244: '=': conversion from 'float' to 'unsigned char', possible loss of data (compiling source file C:\Users\Mathijs\Desktop\AlfaCollege\Schooljaar2\Periode_2\Project2\Project_documenten\Engine_Rik\rt2d\demo\boidentity.cpp)
C:\Users\Mathijs\Desktop\AlfaCollege\Schooljaar2\Periode_2\Project2\Project_documenten\Engine_Rik\rt2d\rt2d/color.h(172): warning C4244: '=': conversion from 'float' to 'unsigned char', possible loss of data (compiling source file C:\Users\Mathijs\Desktop\AlfaCollege\Schooljaar2\Periode_2\Project2\Project_documenten\Engine_Rik\rt2d\demo\boidentity.cpp)
C:\Users\Mathijs\Desktop\AlfaCollege\Schooljaar2\Periode_2\Project2\Project_documenten\Engine_Rik\rt2d\rt2d/color.h(173): warning C4244: '=': conversion from 'float' to 'unsigned char', possible loss of data (compiling source file C:\Users\Mathijs\Desktop\AlfaCollege\Schooljaar2\Periode_2\Project2\Project_documenten\Engine_Rik\rt2d\demo\boidentity.cpp)
C:\Users\Mathijs\Desktop\AlfaCollege\Schooljaar2\Periode_2\Project2\Project_documenten\Engine_Rik\rt2d\demo\boidentity.cpp(14): warning C4244: 'argument': conversion from 'int' to 'float', possible loss of data
C:\Users\Mathijs\Desktop\AlfaCollege\Schooljaar2\Periode_2\Project2\Project_documenten\Engine_Rik\rt2d\demo\scene00.cpp(34): warning C4244: 'argument': conversion from 'unsigned int' to 'float', possible loss of data
C:\Users\Mathijs\Desktop\AlfaCollege\Schooljaar2\Periode_2\Project2\Project_documenten\Engine_Rik\rt2d\demo\scene00.cpp(34): warning C4244: 'argument': conversion from 'int' to 'float', possible loss of data
C:\Users\Mathijs\Desktop\AlfaCollege\Schooljaar2\Periode_2\Project2\Project_documenten\Engine_Rik\rt2d\demo\boidentity.cpp(28): warning C4244: 'argument': conversion from 'int' to 'float', possible loss of data
c:\users\mathijs\desktop\alfacollege\schooljaar2\periode_2\project2\project_documenten\engine_rik\rt2d\demo\scene02a.h(20): warning C4244: 'argument': conversion from 'int' to 'float', possible loss of data (compiling source file C:\Users\Mathijs\Desktop\AlfaCollege\Schooljaar2\Periode_2\Project2\Project_documenten\Engine_Rik\rt2d\demo\main.cpp)
c:\users\mathijs\desktop\alfacollege\schooljaar2\periode_2\project2\project_documenten\engine_rik\rt2d\demo\scene02a.h(32): warning C4244: 'argument': conversion from 'int' to 'float', possible loss of data (compiling source file C:\Users\Mathijs\Desktop\AlfaCollege\Schooljaar2\Periode_2\Project2\Project_documenten\Engine_Rik\rt2d\demo\main.cpp)
  scene01.cpp
  scene02.cpp
  scene02a.cpp
  scene03.cpp
C:\Users\Mathijs\Desktop\AlfaCollege\Schooljaar2\Periode_2\Project2\Project_documenten\Engine_Rik\rt2d\rt2d/color.h(151): warning C4244: '=': conversion from 'float' to 'unsigned char', possible loss of data (compiling source file C:\Users\Mathijs\Desktop\AlfaCollege\Schooljaar2\Periode_2\Project2\Project_documenten\Engine_Rik\rt2d\demo\scene01.cpp)
C:\Users\Mathijs\Desktop\AlfaCollege\Schooljaar2\Periode_2\Project2\Project_documenten\Engine_Rik\rt2d\rt2d/color.h(152): warning C4244: '=': conversion from 'float' to 'unsigned char', possible loss of data (compiling source file C:\Users\Mathijs\Desktop\AlfaCollege\Schooljaar2\Periode_2\Project2\Project_documenten\Engine_Rik\rt2d\demo\scene01.cpp)
C:\Users\Mathijs\Desktop\AlfaCollege\Schooljaar2\Periode_2\Project2\Project_documenten\Engine_Rik\rt2d\rt2d/color.h(153): warning C4244: '=': conversion from 'float' to 'unsigned char', possible loss of data (compiling source file C:\Users\Mathijs\Desktop\AlfaCollege\Schooljaar2\Periode_2\Project2\Project_documenten\Engine_Rik\rt2d\demo\scene01.cpp)
C:\Users\Mathijs\Desktop\AlfaCollege\Schooljaar2\Periode_2\Project2\Project_documenten\Engine_Rik\rt2d\rt2d/color.h(171): warning C4244: '=': conversion from 'float' to 'unsigned char', possible loss of data (compiling source file C:\Users\Mathijs\Desktop\AlfaCollege\Schooljaar2\Periode_2\Project2\Project_documenten\Engine_Rik\rt2d\demo\scene01.cpp)
C:\Users\Mathijs\Desktop\AlfaCollege\Schooljaar2\Periode_2\Project2\Project_documenten\Engine_Rik\rt2d\rt2d/color.h(172): warning C4244: '=': conversion from 'float' to 'unsigned char', possible loss of data (compiling source file C:\Users\Mathijs\Desktop\AlfaCollege\Schooljaar2\Periode_2\Project2\Project_documenten\Engine_Rik\rt2d\demo\scene01.cpp)
C:\Users\Mathijs\Desktop\AlfaCollege\Schooljaar2\Periode_2\Project2\Project_documenten\Engine_Rik\rt2d\rt2d/color.h(173): warning C4244: '=': conversion from 'float' to 'unsigned char', possible loss of data (compiling source file C:\Users\Mathijs\Desktop\AlfaCollege\Schooljaar2\Periode_2\Project2\Project_documenten\Engine_Rik\rt2d\demo\scene01.cpp)
C:\Users\Mathijs\Desktop\AlfaCollege\Schooljaar2\Periode_2\Project2\Project_documenten\Engine_Rik\rt2d\rt2d/color.h(151): warning C4244: '=': conversion from 'float' to 'unsigned char', possible loss of data (compiling source file C:\Users\Mathijs\Desktop\AlfaCollege\Schooljaar2\Periode_2\Project2\Project_documenten\Engine_Rik\rt2d\demo\scene02.cpp)
C:\Users\Mathijs\Desktop\AlfaCollege\Schooljaar2\Periode_2\Project2\Project_documenten\Engine_Rik\rt2d\rt2d/color.h(152): warning C4244: '=': conversion from 'float' to 'unsigned char', possible loss of data (compiling source file C:\Users\Mathijs\Desktop\AlfaCollege\Schooljaar2\Periode_2\Project2\Project_documenten\Engine_Rik\rt2d\demo\scene02.cpp)
C:\Users\Mathijs\Desktop\AlfaCollege\Schooljaar2\Periode_2\Project2\Project_documenten\Engine_Rik\rt2d\rt2d/color.h(153): warning C4244: '=': conversion from 'float' to 'unsigned char', possible loss of data (compiling source file C:\Users\Mathijs\Desktop\AlfaCollege\Schooljaar2\Periode_2\Project2\Project_documenten\Engine_Rik\rt2d\demo\scene02.cpp)
C:\Users\Mathijs\Desktop\AlfaCollege\Schooljaar2\Periode_2\Project2\Project_documenten\Engine_Rik\rt2d\rt2d/color.h(171): warning C4244: '=': conversion from 'float' to 'unsigned char', possible loss of data (compiling source file C:\Users\Mathijs\Desktop\AlfaCollege\Schooljaar2\Periode_2\Project2\Project_documenten\Engine_Rik\rt2d\demo\scene02.cpp)
C:\Users\Mathijs\Desktop\AlfaCollege\Schooljaar2\Periode_2\Project2\Project_documenten\Engine_Rik\rt2d\rt2d/color.h(172): warning C4244: '=': conversion from 'float' to 'unsigned char', possible loss of data (compiling source file C:\Users\Mathijs\Desktop\AlfaCollege\Schooljaar2\Periode_2\Project2\Project_documenten\Engine_Rik\rt2d\demo\scene02.cpp)
C:\Users\Mathijs\Desktop\AlfaCollege\Schooljaar2\Periode_2\Project2\Project_documenten\Engine_Rik\rt2d\rt2d/color.h(173): warning C4244: '=': conversion from 'float' to 'unsigned char', possible loss of data (compiling source file C:\Users\Mathijs\Desktop\AlfaCollege\Schooljaar2\Periode_2\Project2\Project_documenten\Engine_Rik\rt2d\demo\scene02.cpp)
C:\Users\Mathijs\Desktop\AlfaCollege\Schooljaar2\Periode_2\Project2\Project_documenten\Engine_Rik\rt2d\demo\scene01.cpp(98): warning C4244: 'initializing': conversion from 'double' to 'int', possible loss of data
C:\Users\Mathijs\Desktop\AlfaCollege\Schooljaar2\Periode_2\Project2\Project_documenten\Engine_Rik\rt2d\demo\scene01.cpp(99): warning C4244: 'initializing': conversion from 'double' to 'int', possible loss of data
C:\Users\Mathijs\Desktop\AlfaCollege\Schooljaar2\Periode_2\Project2\Project_documenten\Engine_Rik\rt2d\demo\scene01.cpp(110): warning C4244: '-=': conversion from 'double' to 'float', possible loss of data
C:\Users\Mathijs\Desktop\AlfaCollege\Schooljaar2\Periode_2\Project2\Project_documenten\Engine_Rik\rt2d\demo\scene01.cpp(111): warning C4305: '+=': truncation from 'double' to 'float'
C:\Users\Mathijs\Desktop\AlfaCollege\Schooljaar2\Periode_2\Project2\Project_documenten\Engine_Rik\rt2d\demo\scene01.cpp(117): warning C4244: '=': conversion from 'float' to 'unsigned char', possible loss of data
C:\Users\Mathijs\Desktop\AlfaCollege\Schooljaar2\Periode_2\Project2\Project_documenten\Engine_Rik\rt2d\demo\scene01.cpp(118): warning C4244: '=': conversion from 'float' to 'unsigned char', possible loss of data
C:\Users\Mathijs\Desktop\AlfaCollege\Schooljaar2\Periode_2\Project2\Project_documenten\Engine_Rik\rt2d\demo\scene01.cpp(124): warning C4244: '+=': conversion from 'double' to 'float', possible loss of data
C:\Users\Mathijs\Desktop\AlfaCollege\Schooljaar2\Periode_2\Project2\Project_documenten\Engine_Rik\rt2d\demo\scene01.cpp(125): warning C4305: '-=': truncation from 'double' to 'float'
C:\Users\Mathijs\Desktop\AlfaCollege\Schooljaar2\Periode_2\Project2\Project_documenten\Engine_Rik\rt2d\rt2d/color.h(151): warning C4244: '=': conversion from 'float' to 'unsigned char', possible loss of data (compiling source file C:\Users\Mathijs\Desktop\AlfaCollege\Schooljaar2\Periode_2\Project2\Project_documenten\Engine_Rik\rt2d\demo\scene02a.cpp)
C:\Users\Mathijs\Desktop\AlfaCollege\Schooljaar2\Periode_2\Project2\Project_documenten\Engine_Rik\rt2d\rt2d/color.h(152): warning C4244: '=': conversion from 'float' to 'unsigned char', possible loss of data (compiling source file C:\Users\Mathijs\Desktop\AlfaCollege\Schooljaar2\Periode_2\Project2\Project_documenten\Engine_Rik\rt2d\demo\scene02a.cpp)
C:\Users\Mathijs\Desktop\AlfaCollege\Schooljaar2\Periode_2\Project2\Project_documenten\Engine_Rik\rt2d\rt2d/color.h(153): warning C4244: '=': conversion from 'float' to 'unsigned char', possible loss of data (compiling source file C:\Users\Mathijs\Desktop\AlfaCollege\Schooljaar2\Periode_2\Project2\Project_documenten\Engine_Rik\rt2d\demo\scene02a.cpp)
C:\Users\Mathijs\Desktop\AlfaCollege\Schooljaar2\Periode_2\Project2\Project_documenten\Engine_Rik\rt2d\rt2d/color.h(171): warning C4244: '=': conversion from 'float' to 'unsigned char', possible loss of data (compiling source file C:\Users\Mathijs\Desktop\AlfaCollege\Schooljaar2\Periode_2\Project2\Project_documenten\Engine_Rik\rt2d\demo\scene02a.cpp)
C:\Users\Mathijs\Desktop\AlfaCollege\Schooljaar2\Periode_2\Project2\Project_documenten\Engine_Rik\rt2d\rt2d/color.h(172): warning C4244: '=': conversion from 'float' to 'unsigned char', possible loss of data (compiling source file C:\Users\Mathijs\Desktop\AlfaCollege\Schooljaar2\Periode_2\Project2\Project_documenten\Engine_Rik\rt2d\demo\scene02a.cpp)
C:\Users\Mathijs\Desktop\AlfaCollege\Schooljaar2\Periode_2\Project2\Project_documenten\Engine_Rik\rt2d\rt2d/color.h(173): warning C4244: '=': conversion from 'float' to 'unsigned char', possible loss of data (compiling source file C:\Users\Mathijs\Desktop\AlfaCollege\Schooljaar2\Periode_2\Project2\Project_documenten\Engine_Rik\rt2d\demo\scene02a.cpp)
c:\users\mathijs\desktop\alfacollege\schooljaar2\periode_2\project2\project_documenten\engine_rik\rt2d\demo\scene02a.h(20): warning C4244: 'argument': conversion from 'int' to 'float', possible loss of data (compiling source file C:\Users\Mathijs\Desktop\AlfaCollege\Schooljaar2\Periode_2\Project2\Project_documenten\Engine_Rik\rt2d\demo\scene02a.cpp)
c:\users\mathijs\desktop\alfacollege\schooljaar2\periode_2\project2\project_documenten\engine_rik\rt2d\demo\scene02a.h(32): warning C4244: 'argument': conversion from 'int' to 'float', possible loss of data (compiling source file C:\Users\Mathijs\Desktop\AlfaCollege\Schooljaar2\Periode_2\Project2\Project_documenten\Engine_Rik\rt2d\demo\scene02a.cpp)
C:\Users\Mathijs\Desktop\AlfaCollege\Schooljaar2\Periode_2\Project2\Project_documenten\Engine_Rik\rt2d\rt2d/color.h(151): warning C4244: '=': conversion from 'float' to 'unsigned char', possible loss of data (compiling source file C:\Users\Mathijs\Desktop\AlfaCollege\Schooljaar2\Periode_2\Project2\Project_documenten\Engine_Rik\rt2d\demo\scene03.cpp)
C:\Users\Mathijs\Desktop\AlfaCollege\Schooljaar2\Periode_2\Project2\Project_documenten\Engine_Rik\rt2d\rt2d/color.h(152): warning C4244: '=': conversion from 'float' to 'unsigned char', possible loss of data (compiling source file C:\Users\Mathijs\Desktop\AlfaCollege\Schooljaar2\Periode_2\Project2\Project_documenten\Engine_Rik\rt2d\demo\scene03.cpp)
C:\Users\Mathijs\Desktop\AlfaCollege\Schooljaar2\Periode_2\Project2\Project_documenten\Engine_Rik\rt2d\rt2d/color.h(153): warning C4244: '=': conversion from 'float' to 'unsigned char', possible loss of data (compiling source file C:\Users\Mathijs\Desktop\AlfaCollege\Schooljaar2\Periode_2\Project2\Project_documenten\Engine_Rik\rt2d\demo\scene03.cpp)
C:\Users\Mathijs\Desktop\AlfaCollege\Schooljaar2\Periode_2\Project2\Project_documenten\Engine_Rik\rt2d\rt2d/color.h(171): warning C4244: '=': conversion from 'float' to 'unsigned char', possible loss of data (compiling source file C:\Users\Mathijs\Desktop\AlfaCollege\Schooljaar2\Periode_2\Project2\Project_documenten\Engine_Rik\rt2d\demo\scene03.cpp)
C:\Users\Mathijs\Desktop\AlfaCollege\Schooljaar2\Periode_2\Project2\Project_documenten\Engine_Rik\rt2d\rt2d/color.h(172): warning C4244: '=': conversion from 'float' to 'unsigned char', possible loss of data (compiling source file C:\Users\Mathijs\Desktop\AlfaCollege\Schooljaar2\Periode_2\Project2\Project_documenten\Engine_Rik\rt2d\demo\scene03.cpp)
C:\Users\Mathijs\Desktop\AlfaCollege\Schooljaar2\Periode_2\Project2\Project_documenten\Engine_Rik\rt2d\rt2d/color.h(173): warning C4244: '=': conversion from 'float' to 'unsigned char', possible loss of data (compiling source file C:\Users\Mathijs\Desktop\AlfaCollege\Schooljaar2\Periode_2\Project2\Project_documenten\Engine_Rik\rt2d\demo\scene03.cpp)
C:\Users\Mathijs\Desktop\AlfaCollege\Schooljaar2\Periode_2\Project2\Project_documenten\Engine_Rik\rt2d\demo\scene03.cpp(78): warning C4244: 'argument': conversion from 'int' to 'float', possible loss of data
C:\Users\Mathijs\Desktop\AlfaCollege\Schooljaar2\Periode_2\Project2\Project_documenten\Engine_Rik\rt2d\demo\scene03.cpp(134): warning C4244: 'argument': conversion from 'int' to 'float', possible loss of data
C:\Users\Mathijs\Desktop\AlfaCollege\Schooljaar2\Periode_2\Project2\Project_documenten\Engine_Rik\rt2d\demo\scene03.cpp(142): warning C4244: '+=': conversion from 'double' to 'float', possible loss of data
C:\Users\Mathijs\Desktop\AlfaCollege\Schooljaar2\Periode_2\Project2\Project_documenten\Engine_Rik\rt2d\demo\scene03.cpp(143): warning C4305: '-=': truncation from 'double' to 'float'
C:\Users\Mathijs\Desktop\AlfaCollege\Schooljaar2\Periode_2\Project2\Project_documenten\Engine_Rik\rt2d\demo\scene03.cpp(153): warning C4305: '-=': truncation from 'double' to 'float'
C:\Users\Mathijs\Desktop\AlfaCollege\Schooljaar2\Periode_2\Project2\Project_documenten\Engine_Rik\rt2d\demo\scene03.cpp(170): warning C4244: 'argument': conversion from 'int' to 'float', possible loss of data
C:\Users\Mathijs\Desktop\AlfaCollege\Schooljaar2\Periode_2\Project2\Project_documenten\Engine_Rik\rt2d\demo\scene03.cpp(171): warning C4244: 'argument': conversion from 'double' to 'float', possible loss of data
  scene03a.cpp
  scene03b.cpp
  scene04.cpp
  scene05.cpp
C:\Users\Mathijs\Desktop\AlfaCollege\Schooljaar2\Periode_2\Project2\Project_documenten\Engine_Rik\rt2d\rt2d/color.h(151): warning C4244: '=': conversion from 'float' to 'unsigned char', possible loss of data (compiling source file C:\Users\Mathijs\Desktop\AlfaCollege\Schooljaar2\Periode_2\Project2\Project_documenten\Engine_Rik\rt2d\demo\scene03a.cpp)
C:\Users\Mathijs\Desktop\AlfaCollege\Schooljaar2\Periode_2\Project2\Project_documenten\Engine_Rik\rt2d\rt2d/color.h(152): warning C4244: '=': conversion from 'float' to 'unsigned char', possible loss of data (compiling source file C:\Users\Mathijs\Desktop\AlfaCollege\Schooljaar2\Periode_2\Project2\Project_documenten\Engine_Rik\rt2d\demo\scene03a.cpp)
C:\Users\Mathijs\Desktop\AlfaCollege\Schooljaar2\Periode_2\Project2\Project_documenten\Engine_Rik\rt2d\rt2d/color.h(153): warning C4244: '=': conversion from 'float' to 'unsigned char', possible loss of data (compiling source file C:\Users\Mathijs\Desktop\AlfaCollege\Schooljaar2\Periode_2\Project2\Project_documenten\Engine_Rik\rt2d\demo\scene03a.cpp)
C:\Users\Mathijs\Desktop\AlfaCollege\Schooljaar2\Periode_2\Project2\Project_documenten\Engine_Rik\rt2d\rt2d/color.h(171): warning C4244: '=': conversion from 'float' to 'unsigned char', possible loss of data (compiling source file C:\Users\Mathijs\Desktop\AlfaCollege\Schooljaar2\Periode_2\Project2\Project_documenten\Engine_Rik\rt2d\demo\scene03a.cpp)
C:\Users\Mathijs\Desktop\AlfaCollege\Schooljaar2\Periode_2\Project2\Project_documenten\Engine_Rik\rt2d\rt2d/color.h(172): warning C4244: '=': conversion from 'float' to 'unsigned char', possible loss of data (compiling source file C:\Users\Mathijs\Desktop\AlfaCollege\Schooljaar2\Periode_2\Project2\Project_documenten\Engine_Rik\rt2d\demo\scene03a.cpp)
C:\Users\Mathijs\Desktop\AlfaCollege\Schooljaar2\Periode_2\Project2\Project_documenten\Engine_Rik\rt2d\rt2d/color.h(173): warning C4244: '=': conversion from 'float' to 'unsigned char', possible loss of data (compiling source file C:\Users\Mathijs\Desktop\AlfaCollege\Schooljaar2\Periode_2\Project2\Project_documenten\Engine_Rik\rt2d\demo\scene03a.cpp)
C:\Users\Mathijs\Desktop\AlfaCollege\Schooljaar2\Periode_2\Project2\Project_documenten\Engine_Rik\rt2d\rt2d/color.h(151): warning C4244: '=': conversion from 'float' to 'unsigned char', possible loss of data (compiling source file C:\Users\Mathijs\Desktop\AlfaCollege\Schooljaar2\Periode_2\Project2\Project_documenten\Engine_Rik\rt2d\demo\scene03b.cpp)
C:\Users\Mathijs\Desktop\AlfaCollege\Schooljaar2\Periode_2\Project2\Project_documenten\Engine_Rik\rt2d\rt2d/color.h(152): warning C4244: '=': conversion from 'float' to 'unsigned char', possible loss of data (compiling source file C:\Users\Mathijs\Desktop\AlfaCollege\Schooljaar2\Periode_2\Project2\Project_documenten\Engine_Rik\rt2d\demo\scene03b.cpp)
C:\Users\Mathijs\Desktop\AlfaCollege\Schooljaar2\Periode_2\Project2\Project_documenten\Engine_Rik\rt2d\rt2d/color.h(153): warning C4244: '=': conversion from 'float' to 'unsigned char', possible loss of data (compiling source file C:\Users\Mathijs\Desktop\AlfaCollege\Schooljaar2\Periode_2\Project2\Project_documenten\Engine_Rik\rt2d\demo\scene03b.cpp)
C:\Users\Mathijs\Desktop\AlfaCollege\Schooljaar2\Periode_2\Project2\Project_documenten\Engine_Rik\rt2d\rt2d/color.h(171): warning C4244: '=': conversion from 'float' to 'unsigned char', possible loss of data (compiling source file C:\Users\Mathijs\Desktop\AlfaCollege\Schooljaar2\Periode_2\Project2\Project_documenten\Engine_Rik\rt2d\demo\scene03b.cpp)
C:\Users\Mathijs\Desktop\AlfaCollege\Schooljaar2\Periode_2\Project2\Project_documenten\Engine_Rik\rt2d\rt2d/color.h(172): warning C4244: '=': conversion from 'float' to 'unsigned char', possible loss of data (compiling source file C:\Users\Mathijs\Desktop\AlfaCollege\Schooljaar2\Periode_2\Project2\Project_documenten\Engine_Rik\rt2d\demo\scene03b.cpp)
C:\Users\Mathijs\Desktop\AlfaCollege\Schooljaar2\Periode_2\Project2\Project_documenten\Engine_Rik\rt2d\rt2d/color.h(173): warning C4244: '=': conversion from 'float' to 'unsigned char', possible loss of data (compiling source file C:\Users\Mathijs\Desktop\AlfaCollege\Schooljaar2\Periode_2\Project2\Project_documenten\Engine_Rik\rt2d\demo\scene03b.cpp)
C:\Users\Mathijs\Desktop\AlfaCollege\Schooljaar2\Periode_2\Project2\Project_documenten\Engine_Rik\rt2d\demo\scene03a.cpp(29): warning C4244: 'argument': conversion from 'int' to 'float', possible loss of data
C:\Users\Mathijs\Desktop\AlfaCollege\Schooljaar2\Periode_2\Project2\Project_documenten\Engine_Rik\rt2d\demo\scene03a.cpp(34): warning C4244: '=': conversion from 'int' to 'float', possible loss of data
C:\Users\Mathijs\Desktop\AlfaCollege\Schooljaar2\Periode_2\Project2\Project_documenten\Engine_Rik\rt2d\demo\scene03a.cpp(51): warning C4244: '=': conversion from 'int' to 'float', possible loss of data
C:\Users\Mathijs\Desktop\AlfaCollege\Schooljaar2\Periode_2\Project2\Project_documenten\Engine_Rik\rt2d\demo\scene03a.cpp(101): warning C4244: 'initializing': conversion from 'double' to 'float', possible loss of data
C:\Users\Mathijs\Desktop\AlfaCollege\Schooljaar2\Periode_2\Project2\Project_documenten\Engine_Rik\rt2d\demo\scene03a.cpp(108): warning C4244: 'initializing': conversion from 'double' to 'float', possible loss of data
C:\Users\Mathijs\Desktop\AlfaCollege\Schooljaar2\Periode_2\Project2\Project_documenten\Engine_Rik\rt2d\demo\scene03b.cpp(81): warning C4244: 'argument': conversion from 'int' to 'float', possible loss of data
C:\Users\Mathijs\Desktop\AlfaCollege\Schooljaar2\Periode_2\Project2\Project_documenten\Engine_Rik\rt2d\rt2d/color.h(151): warning C4244: '=': conversion from 'float' to 'unsigned char', possible loss of data (compiling source file C:\Users\Mathijs\Desktop\AlfaCollege\Schooljaar2\Periode_2\Project2\Project_documenten\Engine_Rik\rt2d\demo\scene04.cpp)
C:\Users\Mathijs\Desktop\AlfaCollege\Schooljaar2\Periode_2\Project2\Project_documenten\Engine_Rik\rt2d\rt2d/color.h(152): warning C4244: '=': conversion from 'float' to 'unsigned char', possible loss of data (compiling source file C:\Users\Mathijs\Desktop\AlfaCollege\Schooljaar2\Periode_2\Project2\Project_documenten\Engine_Rik\rt2d\demo\scene04.cpp)
C:\Users\Mathijs\Desktop\AlfaCollege\Schooljaar2\Periode_2\Project2\Project_documenten\Engine_Rik\rt2d\rt2d/color.h(153): warning C4244: '=': conversion from 'float' to 'unsigned char', possible loss of data (compiling source file C:\Users\Mathijs\Desktop\AlfaCollege\Schooljaar2\Periode_2\Project2\Project_documenten\Engine_Rik\rt2d\demo\scene04.cpp)
C:\Users\Mathijs\Desktop\AlfaCollege\Schooljaar2\Periode_2\Project2\Project_documenten\Engine_Rik\rt2d\rt2d/color.h(171): warning C4244: '=': conversion from 'float' to 'unsigned char', possible loss of data (compiling source file C:\Users\Mathijs\Desktop\AlfaCollege\Schooljaar2\Periode_2\Project2\Project_documenten\Engine_Rik\rt2d\demo\scene04.cpp)
C:\Users\Mathijs\Desktop\AlfaCollege\Schooljaar2\Periode_2\Project2\Project_documenten\Engine_Rik\rt2d\rt2d/color.h(172): warning C4244: '=': conversion from 'float' to 'unsigned char', possible loss of data (compiling source file C:\Users\Mathijs\Desktop\AlfaCollege\Schooljaar2\Periode_2\Project2\Project_documenten\Engine_Rik\rt2d\demo\scene04.cpp)
C:\Users\Mathijs\Desktop\AlfaCollege\Schooljaar2\Periode_2\Project2\Project_documenten\Engine_Rik\rt2d\rt2d/color.h(173): warning C4244: '=': conversion from 'float' to 'unsigned char', possible loss of data (compiling source file C:\Users\Mathijs\Desktop\AlfaCollege\Schooljaar2\Periode_2\Project2\Project_documenten\Engine_Rik\rt2d\demo\scene04.cpp)
C:\Users\Mathijs\Desktop\AlfaCollege\Schooljaar2\Periode_2\Project2\Project_documenten\Engine_Rik\rt2d\demo\scene04.cpp(52): warning C4244: '+=': conversion from 'double' to 'float', possible loss of data
C:\Users\Mathijs\Desktop\AlfaCollege\Schooljaar2\Periode_2\Project2\Project_documenten\Engine_Rik\rt2d\demo\scene04.cpp(161): warning C4244: '=': conversion from 'float' to 'unsigned char', possible loss of data
C:\Users\Mathijs\Desktop\AlfaCollege\Schooljaar2\Periode_2\Project2\Project_documenten\Engine_Rik\rt2d\demo\scene04.cpp(256): warning C4244: '=': conversion from 'float' to 'unsigned char', possible loss of data
C:\Users\Mathijs\Desktop\AlfaCollege\Schooljaar2\Periode_2\Project2\Project_documenten\Engine_Rik\rt2d\demo\scene04.cpp(257): warning C4244: '=': conversion from 'float' to 'unsigned char', possible loss of data
C:\Users\Mathijs\Desktop\AlfaCollege\Schooljaar2\Periode_2\Project2\Project_documenten\Engine_Rik\rt2d\demo\scene04.cpp(258): warning C4244: '=': conversion from 'float' to 'unsigned char', possible loss of data
C:\Users\Mathijs\Desktop\AlfaCollege\Schooljaar2\Periode_2\Project2\Project_documenten\Engine_Rik\rt2d\rt2d/color.h(151): warning C4244: '=': conversion from 'float' to 'unsigned char', possible loss of data (compiling source file C:\Users\Mathijs\Desktop\AlfaCollege\Schooljaar2\Periode_2\Project2\Project_documenten\Engine_Rik\rt2d\demo\scene05.cpp)
C:\Users\Mathijs\Desktop\AlfaCollege\Schooljaar2\Periode_2\Project2\Project_documenten\Engine_Rik\rt2d\rt2d/color.h(152): warning C4244: '=': conversion from 'float' to 'unsigned char', possible loss of data (compiling source file C:\Users\Mathijs\Desktop\AlfaCollege\Schooljaar2\Periode_2\Project2\Project_documenten\Engine_Rik\rt2d\demo\scene05.cpp)
C:\Users\Mathijs\Desktop\AlfaCollege\Schooljaar2\Periode_2\Project2\Project_documenten\Engine_Rik\rt2d\rt2d/color.h(153): warning C4244: '=': conversion from 'float' to 'unsigned char', possible loss of data (compiling source file C:\Users\Mathijs\Desktop\AlfaCollege\Schooljaar2\Periode_2\Project2\Project_documenten\Engine_Rik\rt2d\demo\scene05.cpp)
C:\Users\Mathijs\Desktop\AlfaCollege\Schooljaar2\Periode_2\Project2\Project_documenten\Engine_Rik\rt2d\rt2d/color.h(171): warning C4244: '=': conversion from 'float' to 'unsigned char', possible loss of data (compiling source file C:\Users\Mathijs\Desktop\AlfaCollege\Schooljaar2\Periode_2\Project2\Project_documenten\Engine_Rik\rt2d\demo\scene05.cpp)
C:\Users\Mathijs\Desktop\AlfaCollege\Schooljaar2\Periode_2\Project2\Project_documenten\Engine_Rik\rt2d\rt2d/color.h(172): warning C4244: '=': conversion from 'float' to 'unsigned char', possible loss of data (compiling source file C:\Users\Mathijs\Desktop\AlfaCollege\Schooljaar2\Periode_2\Project2\Project_documenten\Engine_Rik\rt2d\demo\scene05.cpp)
C:\Users\Mathijs\Desktop\AlfaCollege\Schooljaar2\Periode_2\Project2\Project_documenten\Engine_Rik\rt2d\rt2d/color.h(173): warning C4244: '=': conversion from 'float' to 'unsigned char', possible loss of data (compiling source file C:\Users\Mathijs\Desktop\AlfaCollege\Schooljaar2\Periode_2\Project2\Project_documenten\Engine_Rik\rt2d\demo\scene05.cpp)
  scene06.cpp
C:\Users\Mathijs\Desktop\AlfaCollege\Schooljaar2\Periode_2\Project2\Project_documenten\Engine_Rik\rt2d\demo\scene05.cpp(95): warning C4244: '+=': conversion from 'double' to 'float', possible loss of data
  scene07.cpp
  scene08.cpp
  scene09.cpp
C:\Users\Mathijs\Desktop\AlfaCollege\Schooljaar2\Periode_2\Project2\Project_documenten\Engine_Rik\rt2d\rt2d/color.h(151): warning C4244: '=': conversion from 'float' to 'unsigned char', possible loss of data (compiling source file C:\Users\Mathijs\Desktop\AlfaCollege\Schooljaar2\Periode_2\Project2\Project_documenten\Engine_Rik\rt2d\demo\scene06.cpp)
C:\Users\Mathijs\Desktop\AlfaCollege\Schooljaar2\Periode_2\Project2\Project_documenten\Engine_Rik\rt2d\rt2d/color.h(152): warning C4244: '=': conversion from 'float' to 'unsigned char', possible loss of data (compiling source file C:\Users\Mathijs\Desktop\AlfaCollege\Schooljaar2\Periode_2\Project2\Project_documenten\Engine_Rik\rt2d\demo\scene06.cpp)
C:\Users\Mathijs\Desktop\AlfaCollege\Schooljaar2\Periode_2\Project2\Project_documenten\Engine_Rik\rt2d\rt2d/color.h(153): warning C4244: '=': conversion from 'float' to 'unsigned char', possible loss of data (compiling source file C:\Users\Mathijs\Desktop\AlfaCollege\Schooljaar2\Periode_2\Project2\Project_documenten\Engine_Rik\rt2d\demo\scene06.cpp)
C:\Users\Mathijs\Desktop\AlfaCollege\Schooljaar2\Periode_2\Project2\Project_documenten\Engine_Rik\rt2d\rt2d/color.h(171): warning C4244: '=': conversion from 'float' to 'unsigned char', possible loss of data (compiling source file C:\Users\Mathijs\Desktop\AlfaCollege\Schooljaar2\Periode_2\Project2\Project_documenten\Engine_Rik\rt2d\demo\scene06.cpp)
C:\Users\Mathijs\Desktop\AlfaCollege\Schooljaar2\Periode_2\Project2\Project_documenten\Engine_Rik\rt2d\rt2d/color.h(172): warning C4244: '=': conversion from 'float' to 'unsigned char', possible loss of data (compiling source file C:\Users\Mathijs\Desktop\AlfaCollege\Schooljaar2\Periode_2\Project2\Project_documenten\Engine_Rik\rt2d\demo\scene06.cpp)
C:\Users\Mathijs\Desktop\AlfaCollege\Schooljaar2\Periode_2\Project2\Project_documenten\Engine_Rik\rt2d\rt2d/color.h(173): warning C4244: '=': conversion from 'float' to 'unsigned char', possible loss of data (compiling source file C:\Users\Mathijs\Desktop\AlfaCollege\Schooljaar2\Periode_2\Project2\Project_documenten\Engine_Rik\rt2d\demo\scene06.cpp)
C:\Users\Mathijs\Desktop\AlfaCollege\Schooljaar2\Periode_2\Project2\Project_documenten\Engine_Rik\rt2d\rt2d/color.h(151): warning C4244: '=': conversion from 'float' to 'unsigned char', possible loss of data (compiling source file C:\Users\Mathijs\Desktop\AlfaCollege\Schooljaar2\Periode_2\Project2\Project_documenten\Engine_Rik\rt2d\demo\scene07.cpp)
C:\Users\Mathijs\Desktop\AlfaCollege\Schooljaar2\Periode_2\Project2\Project_documenten\Engine_Rik\rt2d\rt2d/color.h(152): warning C4244: '=': conversion from 'float' to 'unsigned char', possible loss of data (compiling source file C:\Users\Mathijs\Desktop\AlfaCollege\Schooljaar2\Periode_2\Project2\Project_documenten\Engine_Rik\rt2d\demo\scene07.cpp)
C:\Users\Mathijs\Desktop\AlfaCollege\Schooljaar2\Periode_2\Project2\Project_documenten\Engine_Rik\rt2d\rt2d/color.h(153): warning C4244: '=': conversion from 'float' to 'unsigned char', possible loss of data (compiling source file C:\Users\Mathijs\Desktop\AlfaCollege\Schooljaar2\Periode_2\Project2\Project_documenten\Engine_Rik\rt2d\demo\scene07.cpp)
C:\Users\Mathijs\Desktop\AlfaCollege\Schooljaar2\Periode_2\Project2\Project_documenten\Engine_Rik\rt2d\rt2d/color.h(171): warning C4244: '=': conversion from 'float' to 'unsigned char', possible loss of data (compiling source file C:\Users\Mathijs\Desktop\AlfaCollege\Schooljaar2\Periode_2\Project2\Project_documenten\Engine_Rik\rt2d\demo\scene07.cpp)
C:\Users\Mathijs\Desktop\AlfaCollege\Schooljaar2\Periode_2\Project2\Project_documenten\Engine_Rik\rt2d\rt2d/color.h(172): warning C4244: '=': conversion from 'float' to 'unsigned char', possible loss of data (compiling source file C:\Users\Mathijs\Desktop\AlfaCollege\Schooljaar2\Periode_2\Project2\Project_documenten\Engine_Rik\rt2d\demo\scene07.cpp)
C:\Users\Mathijs\Desktop\AlfaCollege\Schooljaar2\Periode_2\Project2\Project_documenten\Engine_Rik\rt2d\rt2d/color.h(173): warning C4244: '=': conversion from 'float' to 'unsigned char', possible loss of data (compiling source file C:\Users\Mathijs\Desktop\AlfaCollege\Schooljaar2\Periode_2\Project2\Project_documenten\Engine_Rik\rt2d\demo\scene07.cpp)
C:\Users\Mathijs\Desktop\AlfaCollege\Schooljaar2\Periode_2\Project2\Project_documenten\Engine_Rik\rt2d\demo\scene07.cpp(28): warning C4244: 'argument': conversion from 'int' to 'float', possible loss of data
C:\Users\Mathijs\Desktop\AlfaCollege\Schooljaar2\Periode_2\Project2\Project_documenten\Engine_Rik\rt2d\demo\scene07.cpp(76): warning C4244: 'initializing': conversion from 'double' to 'float', possible loss of data
C:\Users\Mathijs\Desktop\AlfaCollege\Schooljaar2\Periode_2\Project2\Project_documenten\Engine_Rik\rt2d\demo\scene07.cpp(82): warning C4244: 'argument': conversion from 'int' to 'float', possible loss of data
C:\Users\Mathijs\Desktop\AlfaCollege\Schooljaar2\Periode_2\Project2\Project_documenten\Engine_Rik\rt2d\demo\scene07.cpp(84): warning C4244: 'initializing': conversion from 'int' to 'float', possible loss of data
C:\Users\Mathijs\Desktop\AlfaCollege\Schooljaar2\Periode_2\Project2\Project_documenten\Engine_Rik\rt2d\demo\scene07.cpp(86): warning C4244: '=': conversion from 'int' to 'float', possible loss of data
C:\Users\Mathijs\Desktop\AlfaCollege\Schooljaar2\Periode_2\Project2\Project_documenten\Engine_Rik\rt2d\demo\scene07.cpp(94): warning C4244: 'argument': conversion from 'float' to 'int', possible loss of data
C:\Users\Mathijs\Desktop\AlfaCollege\Schooljaar2\Periode_2\Project2\Project_documenten\Engine_Rik\rt2d\demo\scene07.cpp(118): warning C4244: 'argument': conversion from 'float' to 'int', possible loss of data
C:\Users\Mathijs\Desktop\AlfaCollege\Schooljaar2\Periode_2\Project2\Project_documenten\Engine_Rik\rt2d\demo\scene07.cpp(133): warning C4244: 'argument': conversion from 'float' to 'int', possible loss of data
C:\Users\Mathijs\Desktop\AlfaCollege\Schooljaar2\Periode_2\Project2\Project_documenten\Engine_Rik\rt2d\demo\scene07.cpp(168): warning C4244: 'argument': conversion from 'float' to 'int', possible loss of data
C:\Users\Mathijs\Desktop\AlfaCollege\Schooljaar2\Periode_2\Project2\Project_documenten\Engine_Rik\rt2d\rt2d/color.h(151): warning C4244: '=': conversion from 'float' to 'unsigned char', possible loss of data (compiling source file C:\Users\Mathijs\Desktop\AlfaCollege\Schooljaar2\Periode_2\Project2\Project_documenten\Engine_Rik\rt2d\demo\scene08.cpp)
C:\Users\Mathijs\Desktop\AlfaCollege\Schooljaar2\Periode_2\Project2\Project_documenten\Engine_Rik\rt2d\rt2d/color.h(152): warning C4244: '=': conversion from 'float' to 'unsigned char', possible loss of data (compiling source file C:\Users\Mathijs\Desktop\AlfaCollege\Schooljaar2\Periode_2\Project2\Project_documenten\Engine_Rik\rt2d\demo\scene08.cpp)
C:\Users\Mathijs\Desktop\AlfaCollege\Schooljaar2\Periode_2\Project2\Project_documenten\Engine_Rik\rt2d\rt2d/color.h(153): warning C4244: '=': conversion from 'float' to 'unsigned char', possible loss of data (compiling source file C:\Users\Mathijs\Desktop\AlfaCollege\Schooljaar2\Periode_2\Project2\Project_documenten\Engine_Rik\rt2d\demo\scene08.cpp)
C:\Users\Mathijs\Desktop\AlfaCollege\Schooljaar2\Periode_2\Project2\Project_documenten\Engine_Rik\rt2d\rt2d/color.h(171): warning C4244: '=': conversion from 'float' to 'unsigned char', possible loss of data (compiling source file C:\Users\Mathijs\Desktop\AlfaCollege\Schooljaar2\Periode_2\Project2\Project_documenten\Engine_Rik\rt2d\demo\scene08.cpp)
C:\Users\Mathijs\Desktop\AlfaCollege\Schooljaar2\Periode_2\Project2\Project_documenten\Engine_Rik\rt2d\rt2d/color.h(172): warning C4244: '=': conversion from 'float' to 'unsigned char', possible loss of data (compiling source file C:\Users\Mathijs\Desktop\AlfaCollege\Schooljaar2\Periode_2\Project2\Project_documenten\Engine_Rik\rt2d\demo\scene08.cpp)
C:\Users\Mathijs\Desktop\AlfaCollege\Schooljaar2\Periode_2\Project2\Project_documenten\Engine_Rik\rt2d\rt2d/color.h(173): warning C4244: '=': conversion from 'float' to 'unsigned char', possible loss of data (compiling source file C:\Users\Mathijs\Desktop\AlfaCollege\Schooljaar2\Periode_2\Project2\Project_documenten\Engine_Rik\rt2d\demo\scene08.cpp)
C:\Users\Mathijs\Desktop\AlfaCollege\Schooljaar2\Periode_2\Project2\Project_documenten\Engine_Rik\rt2d\demo\scene08.cpp(28): warning C4244: 'argument': conversion from 'int' to 'float', possible loss of data
C:\Users\Mathijs\Desktop\AlfaCollege\Schooljaar2\Periode_2\Project2\Project_documenten\Engine_Rik\rt2d\demo\scene08.cpp(39): warning C4244: '=': conversion from 'int' to 'float', possible loss of data
C:\Users\Mathijs\Desktop\AlfaCollege\Schooljaar2\Periode_2\Project2\Project_documenten\Engine_Rik\rt2d\demo\scene08.cpp(40): warning C4244: '=': conversion from 'int' to 'float', possible loss of data
C:\Users\Mathijs\Desktop\AlfaCollege\Schooljaar2\Periode_2\Project2\Project_documenten\Engine_Rik\rt2d\demo\scene08.cpp(44): warning C4244: '=': conversion from 'int' to 'float', possible loss of data
C:\Users\Mathijs\Desktop\AlfaCollege\Schooljaar2\Periode_2\Project2\Project_documenten\Engine_Rik\rt2d\demo\scene08.cpp(45): warning C4244: '=': conversion from 'int' to 'float', possible loss of data
C:\Users\Mathijs\Desktop\AlfaCollege\Schooljaar2\Periode_2\Project2\Project_documenten\Engine_Rik\rt2d\rt2d/color.h(151): warning C4244: '=': conversion from 'float' to 'unsigned char', possible loss of data (compiling source file C:\Users\Mathijs\Desktop\AlfaCollege\Schooljaar2\Periode_2\Project2\Project_documenten\Engine_Rik\rt2d\demo\scene09.cpp)
C:\Users\Mathijs\Desktop\AlfaCollege\Schooljaar2\Periode_2\Project2\Project_documenten\Engine_Rik\rt2d\rt2d/color.h(152): warning C4244: '=': conversion from 'float' to 'unsigned char', possible loss of data (compiling source file C:\Users\Mathijs\Desktop\AlfaCollege\Schooljaar2\Periode_2\Project2\Project_documenten\Engine_Rik\rt2d\demo\scene09.cpp)
C:\Users\Mathijs\Desktop\AlfaCollege\Schooljaar2\Periode_2\Project2\Project_documenten\Engine_Rik\rt2d\rt2d/color.h(153): warning C4244: '=': conversion from 'float' to 'unsigned char', possible loss of data (compiling source file C:\Users\Mathijs\Desktop\AlfaCollege\Schooljaar2\Periode_2\Project2\Project_documenten\Engine_Rik\rt2d\demo\scene09.cpp)
C:\Users\Mathijs\Desktop\AlfaCollege\Schooljaar2\Periode_2\Project2\Project_documenten\Engine_Rik\rt2d\rt2d/color.h(171): warning C4244: '=': conversion from 'float' to 'unsigned char', possible loss of data (compiling source file C:\Users\Mathijs\Desktop\AlfaCollege\Schooljaar2\Periode_2\Project2\Project_documenten\Engine_Rik\rt2d\demo\scene09.cpp)
C:\Users\Mathijs\Desktop\AlfaCollege\Schooljaar2\Periode_2\Project2\Project_documenten\Engine_Rik\rt2d\rt2d/color.h(172): warning C4244: '=': conversion from 'float' to 'unsigned char', possible loss of data (compiling source file C:\Users\Mathijs\Desktop\AlfaCollege\Schooljaar2\Periode_2\Project2\Project_documenten\Engine_Rik\rt2d\demo\scene09.cpp)
C:\Users\Mathijs\Desktop\AlfaCollege\Schooljaar2\Periode_2\Project2\Project_documenten\Engine_Rik\rt2d\rt2d/color.h(173): warning C4244: '=': conversion from 'float' to 'unsigned char', possible loss of data (compiling source file C:\Users\Mathijs\Desktop\AlfaCollege\Schooljaar2\Periode_2\Project2\Project_documenten\Engine_Rik\rt2d\demo\scene09.cpp)
C:\Users\Mathijs\Desktop\AlfaCollege\Schooljaar2\Periode_2\Project2\Project_documenten\Engine_Rik\rt2d\demo\scene08.cpp(84): warning C4244: 'initializing': conversion from 'double' to 'int', possible loss of data
C:\Users\Mathijs\Desktop\AlfaCollege\Schooljaar2\Periode_2\Project2\Project_documenten\Engine_Rik\rt2d\demo\scene08.cpp(85): warning C4244: 'initializing': conversion from 'double' to 'int', possible loss of data
C:\Users\Mathijs\Desktop\AlfaCollege\Schooljaar2\Periode_2\Project2\Project_documenten\Engine_Rik\rt2d\demo\scene08.cpp(103): warning C4244: 'initializing': conversion from 'float' to 'int', possible loss of data
C:\Users\Mathijs\Desktop\AlfaCollege\Schooljaar2\Periode_2\Project2\Project_documenten\Engine_Rik\rt2d\demo\scene08.cpp(104): warning C4244: 'initializing': conversion from 'float' to 'int', possible loss of data
C:\Users\Mathijs\Desktop\AlfaCollege\Schooljaar2\Periode_2\Project2\Project_documenten\Engine_Rik\rt2d\demo\scene08.cpp(105): warning C4244: 'initializing': conversion from 'float' to 'int', possible loss of data
C:\Users\Mathijs\Desktop\AlfaCollege\Schooljaar2\Periode_2\Project2\Project_documenten\Engine_Rik\rt2d\demo\scene08.cpp(106): warning C4244: 'initializing': conversion from 'float' to 'int', possible loss of data
C:\Users\Mathijs\Desktop\AlfaCollege\Schooljaar2\Periode_2\Project2\Project_documenten\Engine_Rik\rt2d\demo\scene09.cpp(62): warning C4244: 'initializing': conversion from 'double' to 'int', possible loss of data
C:\Users\Mathijs\Desktop\AlfaCollege\Schooljaar2\Periode_2\Project2\Project_documenten\Engine_Rik\rt2d\demo\scene09.cpp(63): warning C4244: 'initializing': conversion from 'double' to 'int', possible loss of data
C:\Users\Mathijs\Desktop\AlfaCollege\Schooljaar2\Periode_2\Project2\Project_documenten\Engine_Rik\rt2d\demo\scene09.cpp(80): warning C4244: 'initializing': conversion from 'float' to 'int', possible loss of data
C:\Users\Mathijs\Desktop\AlfaCollege\Schooljaar2\Periode_2\Project2\Project_documenten\Engine_Rik\rt2d\demo\scene09.cpp(81): warning C4244: 'initializing': conversion from 'float' to 'int', possible loss of data
C:\Users\Mathijs\Desktop\AlfaCollege\Schooljaar2\Periode_2\Project2\Project_documenten\Engine_Rik\rt2d\demo\scene09.cpp(82): warning C4244: 'initializing': conversion from 'float' to 'int', possible loss of data
C:\Users\Mathijs\Desktop\AlfaCollege\Schooljaar2\Periode_2\Project2\Project_documenten\Engine_Rik\rt2d\demo\scene09.cpp(83): warning C4244: 'initializing': conversion from 'float' to 'int', possible loss of data
  scene10.cpp
  superscene.cpp
C:\Users\Mathijs\Desktop\AlfaCollege\Schooljaar2\Periode_2\Project2\Project_documenten\Engine_Rik\rt2d\rt2d/color.h(151): warning C4244: '=': conversion from 'float' to 'unsigned char', possible loss of data (compiling source file C:\Users\Mathijs\Desktop\AlfaCollege\Schooljaar2\Periode_2\Project2\Project_documenten\Engine_Rik\rt2d\demo\scene10.cpp)
C:\Users\Mathijs\Desktop\AlfaCollege\Schooljaar2\Periode_2\Project2\Project_documenten\Engine_Rik\rt2d\rt2d/color.h(152): warning C4244: '=': conversion from 'float' to 'unsigned char', possible loss of data (compiling source file C:\Users\Mathijs\Desktop\AlfaCollege\Schooljaar2\Periode_2\Project2\Project_documenten\Engine_Rik\rt2d\demo\scene10.cpp)
C:\Users\Mathijs\Desktop\AlfaCollege\Schooljaar2\Periode_2\Project2\Project_documenten\Engine_Rik\rt2d\rt2d/color.h(153): warning C4244: '=': conversion from 'float' to 'unsigned char', possible loss of data (compiling source file C:\Users\Mathijs\Desktop\AlfaCollege\Schooljaar2\Periode_2\Project2\Project_documenten\Engine_Rik\rt2d\demo\scene10.cpp)
C:\Users\Mathijs\Desktop\AlfaCollege\Schooljaar2\Periode_2\Project2\Project_documenten\Engine_Rik\rt2d\rt2d/color.h(171): warning C4244: '=': conversion from 'float' to 'unsigned char', possible loss of data (compiling source file C:\Users\Mathijs\Desktop\AlfaCollege\Schooljaar2\Periode_2\Project2\Project_documenten\Engine_Rik\rt2d\demo\scene10.cpp)
C:\Users\Mathijs\Desktop\AlfaCollege\Schooljaar2\Periode_2\Project2\Project_documenten\Engine_Rik\rt2d\rt2d/color.h(172): warning C4244: '=': conversion from 'float' to 'unsigned char', possible loss of data (compiling source file C:\Users\Mathijs\Desktop\AlfaCollege\Schooljaar2\Periode_2\Project2\Project_documenten\Engine_Rik\rt2d\demo\scene10.cpp)
C:\Users\Mathijs\Desktop\AlfaCollege\Schooljaar2\Periode_2\Project2\Project_documenten\Engine_Rik\rt2d\rt2d/color.h(173): warning C4244: '=': conversion from 'float' to 'unsigned char', possible loss of data (compiling source file C:\Users\Mathijs\Desktop\AlfaCollege\Schooljaar2\Periode_2\Project2\Project_documenten\Engine_Rik\rt2d\demo\scene10.cpp)
C:\Users\Mathijs\Desktop\AlfaCollege\Schooljaar2\Periode_2\Project2\Project_documenten\Engine_Rik\rt2d\demo\scene10.cpp(103): warning C4244: 'initializing': conversion from 'double' to 'int', possible loss of data
C:\Users\Mathijs\Desktop\AlfaCollege\Schooljaar2\Periode_2\Project2\Project_documenten\Engine_Rik\rt2d\demo\scene10.cpp(104): warning C4244: 'initializing': conversion from 'double' to 'int', possible loss of data
C:\Users\Mathijs\Desktop\AlfaCollege\Schooljaar2\Periode_2\Project2\Project_documenten\Engine_Rik\rt2d\demo\scene10.cpp(121): warning C4244: 'initializing': conversion from 'float' to 'int', possible loss of data
C:\Users\Mathijs\Desktop\AlfaCollege\Schooljaar2\Periode_2\Project2\Project_documenten\Engine_Rik\rt2d\demo\scene10.cpp(122): warning C4244: 'initializing': conversion from 'float' to 'int', possible loss of data
C:\Users\Mathijs\Desktop\AlfaCollege\Schooljaar2\Periode_2\Project2\Project_documenten\Engine_Rik\rt2d\demo\scene10.cpp(123): warning C4244: 'initializing': conversion from 'float' to 'int', possible loss of data
C:\Users\Mathijs\Desktop\AlfaCollege\Schooljaar2\Periode_2\Project2\Project_documenten\Engine_Rik\rt2d\demo\scene10.cpp(124): warning C4244: 'initializing': conversion from 'float' to 'int', possible loss of data
C:\Users\Mathijs\Desktop\AlfaCollege\Schooljaar2\Periode_2\Project2\Project_documenten\Engine_Rik\rt2d\demo\scene10.cpp(130): warning C4244: 'argument': conversion from 'int' to 'float', possible loss of data
C:\Users\Mathijs\Desktop\AlfaCollege\Schooljaar2\Periode_2\Project2\Project_documenten\Engine_Rik\rt2d\demo\scene10.cpp(132): warning C4244: 'argument': conversion from 'int' to 'float', possible loss of data
C:\Users\Mathijs\Desktop\AlfaCollege\Schooljaar2\Periode_2\Project2\Project_documenten\Engine_Rik\rt2d\rt2d/color.h(151): warning C4244: '=': conversion from 'float' to 'unsigned char', possible loss of data (compiling source file C:\Users\Mathijs\Desktop\AlfaCollege\Schooljaar2\Periode_2\Project2\Project_documenten\Engine_Rik\rt2d\demo\superscene.cpp)
C:\Users\Mathijs\Desktop\AlfaCollege\Schooljaar2\Periode_2\Project2\Project_documenten\Engine_Rik\rt2d\rt2d/color.h(152): warning C4244: '=': conversion from 'float' to 'unsigned char', possible loss of data (compiling source file C:\Users\Mathijs\Desktop\AlfaCollege\Schooljaar2\Periode_2\Project2\Project_documenten\Engine_Rik\rt2d\demo\superscene.cpp)
C:\Users\Mathijs\Desktop\AlfaCollege\Schooljaar2\Periode_2\Project2\Project_documenten\Engine_Rik\rt2d\rt2d/color.h(153): warning C4244: '=': conversion from 'float' to 'unsigned char', possible loss of data (compiling source file C:\Users\Mathijs\Desktop\AlfaCollege\Schooljaar2\Periode_2\Project2\Project_documenten\Engine_Rik\rt2d\demo\superscene.cpp)
C:\Users\Mathijs\Desktop\AlfaCollege\Schooljaar2\Periode_2\Project2\Project_documenten\Engine_Rik\rt2d\rt2d/color.h(171): warning C4244: '=': conversion from 'float' to 'unsigned char', possible loss of data (compiling source file C:\Users\Mathijs\Desktop\AlfaCollege\Schooljaar2\Periode_2\Project2\Project_documenten\Engine_Rik\rt2d\demo\superscene.cpp)
C:\Users\Mathijs\Desktop\AlfaCollege\Schooljaar2\Periode_2\Project2\Project_documenten\Engine_Rik\rt2d\rt2d/color.h(172): warning C4244: '=': conversion from 'float' to 'unsigned char', possible loss of data (compiling source file C:\Users\Mathijs\Desktop\AlfaCollege\Schooljaar2\Periode_2\Project2\Project_documenten\Engine_Rik\rt2d\demo\superscene.cpp)
C:\Users\Mathijs\Desktop\AlfaCollege\Schooljaar2\Periode_2\Project2\Project_documenten\Engine_Rik\rt2d\rt2d/color.h(173): warning C4244: '=': conversion from 'float' to 'unsigned char', possible loss of data (compiling source file C:\Users\Mathijs\Desktop\AlfaCollege\Schooljaar2\Periode_2\Project2\Project_documenten\Engine_Rik\rt2d\demo\superscene.cpp)
  demo.vcxproj -> C:\Users\Mathijs\Desktop\AlfaCollege\Schooljaar2\Periode_2\Project2\Project_documenten\Engine_Rik\rt2d\build\Debug\demo.exe
